<?xml version="1.0" encoding="UTF-8"?>
<testsuite xmlns:xsi="http://www.w3.org/2001/XMLSchema-instance" xsi:noNamespaceSchemaLocation="https://maven.apache.org/surefire/maven-surefire-plugin/xsd/surefire-test-report.xsd" version="3.0.2" name="Personality.Desires.DesireServiceTest" time="2.043" tests="5" errors="0" skipped="0" failures="0">
  <properties>
[...]
</properties>
  <testcase name="testProcessOpinion_createDesire_intensityTooLow" classname="Personality.Desires.DesireServiceTest" time="1.942">
    <system-err><![CDATA[Mockito is currently self-attaching to enable the inline-mock-maker. This will no longer work in future releases of the JDK. Please add Mockito as an agent to your build as described in Mockito's documentation: https://javadoc.io/doc/org.mockito/mockito-core/latest/org.mockito/org/mockito/Mockito.html#0.3
WARNING: A Java agent has been loaded dynamically (/home/jules/.m2/repository/net/bytebuddy/byte-buddy-agent/1.17.6/byte-buddy-agent-1.17.6.jar)
WARNING: If a serviceability tool is in use, please run with -XX:+EnableDynamicAgentLoading to hide this warning
WARNING: If a serviceability tool is not in use, please run with -Djdk.instrument.traceUsage for more information
WARNING: Dynamic loading of agents will be disallowed by default in a future release
]]></system-err>
  </testcase>
  <testcase name="testProcessOpinion_llmParsingException" classname="Personality.Desires.DesireServiceTest" time="0.03">
    <system-out><![CDATA[parsing failed
parsing failed
parsing failed
]]></system-out>
  </testcase>
  <testcase name="testProcessOpinion_updateDesire_initiativeNotTriggered" classname="Personality.Desires.DesireServiceTest" time="0.013"/>
  <testcase name="testProcessOpinion_updateDesire_initiativeTriggered" classname="Personality.Desires.DesireServiceTest" time="0.012"/>
  <testcase name="testProcessOpinion_createDesire" classname="Personality.Desires.DesireServiceTest" time="0.01"/>
</testsuite>