<?xml version="1.0" encoding="UTF-8"?>
<testsuite xmlns:xsi="http://www.w3.org/2001/XMLSchema-instance" xsi:noNamespaceSchemaLocation="https://maven.apache.org/surefire/maven-surefire-plugin/xsd/surefire-test-report.xsd" version="3.0.2" name="Orchestrator.InitiativeServiceTest" time="0.212" tests="2" errors="0" skipped="0" failures="0">
  <properties>
[...]
</properties>
  <testcase name="testProcessInitiative_Success" classname="Orchestrator.InitiativeServiceTest" time="0.19">
    <system-out><![CDATA[10:54:21.040 [Thread-2] ERROR Orchestrator.Orchestrator -- Event queue was interrupted
java.lang.InterruptedException: null
	at EventBus.EventQueue.take(EventQueue.java:58)
	at Orchestrator.Orchestrator.start(Orchestrator.java:78)
	at Orchestrator.OrchestratorTests.lambda$runOrchestratorInThread$0(OrchestratorTests.java:71)
	at java.base/java.lang.Thread.run(Thread.java:1583)
10:54:21.043 [Thread-2] ERROR Orchestrator.Orchestrator -- Event queue was interrupted
java.lang.InterruptedException: null
	at EventBus.EventQueue.take(EventQueue.java:58)
	at Orchestrator.Orchestrator.start(Orchestrator.java:78)
	at Orchestrator.OrchestratorTests.lambda$runOrchestratorInThread$0(OrchestratorTests.java:71)
	at java.base/java.lang.Thread.run(Thread.java:1583)
10:54:21.043 [Thread-2] ERROR Orchestrator.Orchestrator -- Event queue was interrupted
java.lang.InterruptedException: null
	at EventBus.EventQueue.take(EventQueue.java:58)
	at Orchestrator.Orchestrator.start(Orchestrator.java:78)
	at Orchestrator.OrchestratorTests.lambda$runOrchestratorInThread$0(OrchestratorTests.java:71)
	at java.base/java.lang.Thread.run(Thread.java:1583)
10:54:21.043 [Thread-2] ERROR Orchestrator.Orchestrator -- Event queue was interrupted
java.lang.InterruptedException: null
	at EventBus.EventQueue.take(EventQueue.java:58)
	at Orchestrator.Orchestrator.start(Orchestrator.java:78)
	at Orchestrator.OrchestratorTests.lambda$runOrchestratorInThread$0(OrchestratorTests.java:71)
	at java.base/java.lang.Thread.run(Thread.java:1583)
10:54:21.043 [Thread-2] ERROR Orchestrator.Orchestrator -- Event queue was interrupted
java.lang.InterruptedException: null
	at EventBus.EventQueue.take(EventQueue.java:58)
	at Orchestrator.Orchestrator.start(Orchestrator.java:78)
	at Orchestrator.OrchestratorTests.lambda$runOrchestratorInThread$0(OrchestratorTests.java:71)
	at java.base/java.lang.Thread.run(Thread.java:1583)
10:54:21.043 [Thread-2] ERROR Orchestrator.Orchestrator -- Event queue was interrupted
java.lang.InterruptedException: null
	at EventBus.EventQueue.take(EventQueue.java:58)
	at Orchestrator.Orchestrator.start(Orchestrator.java:78)
	at Orchestrator.OrchestratorTests.lambda$runOrchestratorInThread$0(OrchestratorTests.java:71)
	at java.base/java.lang.Thread.run(Thread.java:1583)
10:54:21.043 [Thread-2] ERROR Orchestrator.Orchestrator -- Event queue was interrupted
java.lang.InterruptedException: null
	at EventBus.EventQueue.take(EventQueue.java:58)
	at Orchestrator.Orchestrator.start(Orchestrator.java:78)
	at Orchestrator.OrchestratorTests.lambda$runOrchestratorInThread$0(OrchestratorTests.java:71)
	at java.base/java.lang.Thread.run(Thread.java:1583)
10:54:21.043 [Thread-2] ERROR Orchestrator.Orchestrator -- Event queue was interrupted
java.lang.InterruptedException: null
	at EventBus.EventQueue.take(EventQueue.java:58)
	at Orchestrator.Orchestrator.start(Orchestrator.java:78)
	at Orchestrator.OrchestratorTests.lambda$runOrchestratorInThread$0(OrchestratorTests.java:71)
	at java.base/java.lang.Thread.run(Thread.java:1583)
10:54:21.043 [Thread-2] ERROR Orchestrator.Orchestrator -- Event queue was interrupted
java.lang.InterruptedException: null
	at EventBus.EventQueue.take(EventQueue.java:58)
	at Orchestrator.Orchestrator.start(Orchestrator.java:78)
	at Orchestrator.OrchestratorTests.lambda$runOrchestratorInThread$0(OrchestratorTests.java:71)
	at java.base/java.lang.Thread.run(Thread.java:1583)
10:54:21.043 [Thread-2] ERROR Orchestrator.Orchestrator -- Event queue was interrupted
java.lang.InterruptedException: null
	at EventBus.EventQueue.take(EventQueue.java:58)
	at Orchestrator.Orchestrator.start(Orchestrator.java:78)
	at Orchestrator.OrchestratorTests.lambda$runOrchestratorInThread$0(OrchestratorTests.java:71)
	at java.base/java.lang.Thread.run(Thread.java:1583)
10:54:21.043 [Thread-2] ERROR Orchestrator.Orchestrator -- Event queue was interrupted
java.lang.InterruptedException: null
	at EventBus.EventQueue.take(EventQueue.java:58)
	at Orchestrator.Orchestrator.start(Orchestrator.java:78)
	at Orchestrator.OrchestratorTests.lambda$runOrchestratorInThread$0(OrchestratorTests.java:71)
	at java.base/java.lang.Thread.run(Thread.java:1583)
10:54:21.043 [Thread-2] ERROR Orchestrator.Orchestrator -- Event queue was interrupted
java.lang.InterruptedException: null
	at EventBus.EventQueue.take(EventQueue.java:58)
	at Orchestrator.Orchestrator.start(Orchestrator.java:78)
	at Orchestrator.OrchestratorTests.lambda$runOrchestratorInThread$0(OrchestratorTests.java:71)
	at java.base/java.lang.Thread.run(Thread.java:1583)
10:54:21.043 [Thread-2] ERROR Orchestrator.Orchestrator -- Event queue was interrupted
java.lang.InterruptedException: null
	at EventBus.EventQueue.take(EventQueue.java:58)
	at Orchestrator.Orchestrator.start(Orchestrator.java:78)
	at Orchestrator.OrchestratorTests.lambda$runOrchestratorInThread$0(OrchestratorTests.java:71)
	at java.base/java.lang.Thread.run(Thread.java:1583)
10:54:21.043 [Thread-2] ERROR Orchestrator.Orchestrator -- Event queue was interrupted
java.lang.InterruptedException: null
	at EventBus.EventQueue.take(EventQueue.java:58)
	at Orchestrator.Orchestrator.start(Orchestrator.java:78)
	at Orchestrator.OrchestratorTests.lambda$runOrchestratorInThread$0(OrchestratorTests.java:71)
	at java.base/java.lang.Thread.run(Thread.java:1583)
10:54:21.043 [Thread-2] ERROR Orchestrator.Orchestrator -- Event queue was interrupted
java.lang.InterruptedException: null
	at EventBus.EventQueue.take(EventQueue.java:58)
	at Orchestrator.Orchestrator.start(Orchestrator.java:78)
	at Orchestrator.OrchestratorTests.lambda$runOrchestratorInThread$0(OrchestratorTests.java:71)
	at java.base/java.lang.Thread.run(Thread.java:1583)
10:54:21.043 [Thread-2] ERROR Orchestrator.Orchestrator -- Event queue was interrupted
java.lang.InterruptedException: null
	at EventBus.EventQueue.take(EventQueue.java:58)
	at Orchestrator.Orchestrator.start(Orchestrator.java:78)
	at Orchestrator.OrchestratorTests.lambda$runOrchestratorInThread$0(OrchestratorTests.java:71)
	at java.base/java.lang.Thread.run(Thread.java:1583)
10:54:21.043 [Thread-2] ERROR Orchestrator.Orchestrator -- Event queue was interrupted
java.lang.InterruptedException: null
	at EventBus.EventQueue.take(EventQueue.java:58)
	at Orchestrator.Orchestrator.start(Orchestrator.java:78)
	at Orchestrator.OrchestratorTests.lambda$runOrchestratorInThread$0(OrchestratorTests.java:71)
	at java.base/java.lang.Thread.run(Thread.java:1583)
10:54:21.043 [Thread-2] ERROR Orchestrator.Orchestrator -- Event queue was interrupted
java.lang.InterruptedException: null
	at EventBus.EventQueue.take(EventQueue.java:58)
	at Orchestrator.Orchestrator.start(Orchestrator.java:78)
	at Orchestrator.OrchestratorTests.lambda$runOrchestratorInThread$0(OrchestratorTests.java:71)
	at java.base/java.lang.Thread.run(Thread.java:1583)
10:54:21.043 [Thread-2] ERROR Orchestrator.Orchestrator -- Event queue was interrupted
java.lang.InterruptedException: null
	at EventBus.EventQueue.take(EventQueue.java:58)
	at Orchestrator.Orchestrator.start(Orchestrator.java:78)
	at Orchestrator.OrchestratorTests.lambda$runOrchestratorInThread$0(OrchestratorTests.java:71)
	at java.base/java.lang.Thread.run(Thread.java:1583)
10:54:21.043 [Thread-2] ERROR Orchestrator.Orchestrator -- Event queue was interrupted
java.lang.InterruptedException: null
	at EventBus.EventQueue.take(EventQueue.java:58)
	at Orchestrator.Orchestrator.start(Orchestrator.java:78)
	at Orchestrator.OrchestratorTests.lambda$runOrchestratorInThread$0(OrchestratorTests.java:71)
	at java.base/java.lang.Thread.run(Thread.java:1583)
10:54:21.044 [Thread-2] ERROR Orchestrator.Orchestrator -- Event queue was interrupted
java.lang.InterruptedException: null
	at EventBus.EventQueue.take(EventQueue.java:58)
	at Orchestrator.Orchestrator.start(Orchestrator.java:78)
	at Orchestrator.OrchestratorTests.lambda$runOrchestratorInThread$0(OrchestratorTests.java:71)
	at java.base/java.lang.Thread.run(Thread.java:1583)
10:54:21.044 [Thread-2] ERROR Orchestrator.Orchestrator -- Event queue was interrupted
java.lang.InterruptedException: null
	at EventBus.EventQueue.take(EventQueue.java:58)
	at Orchestrator.Orchestrator.start(Orchestrator.java:78)
	at Orchestrator.OrchestratorTests.lambda$runOrchestratorInThread$0(OrchestratorTests.java:71)
	at java.base/java.lang.Thread.run(Thread.java:1583)
10:54:21.044 [Thread-2] ERROR Orchestrator.Orchestrator -- Event queue was interrupted
java.lang.InterruptedException: null
	at EventBus.EventQueue.take(EventQueue.java:58)
	at Orchestrator.Orchestrator.start(Orchestrator.java:78)
	at Orchestrator.OrchestratorTests.lambda$runOrchestratorInThread$0(OrchestratorTests.java:71)
	at java.base/java.lang.Thread.run(Thread.java:1583)
10:54:21.044 [Thread-2] ERROR Orchestrator.Orchestrator -- Event queue was interrupted
java.lang.InterruptedException: null
	at EventBus.EventQueue.take(EventQueue.java:58)
	at Orchestrator.Orchestrator.start(Orchestrator.java:78)
	at Orchestrator.OrchestratorTests.lambda$runOrchestratorInThread$0(OrchestratorTests.java:71)
	at java.base/java.lang.Thread.run(Thread.java:1583)
10:54:21.044 [Thread-2] ERROR Orchestrator.Orchestrator -- Event queue was interrupted
java.lang.InterruptedException: null
	at EventBus.EventQueue.take(EventQueue.java:58)
	at Orchestrator.Orchestrator.start(Orchestrator.java:78)
	at Orchestrator.OrchestratorTests.lambda$runOrchestratorInThread$0(OrchestratorTests.java:71)
	at java.base/java.lang.Thread.run(Thread.java:1583)
10:54:21.044 [Thread-2] ERROR Orchestrator.Orchestrator -- Event queue was interrupted
java.lang.InterruptedException: null
	at EventBus.EventQueue.take(EventQueue.java:58)
	at Orchestrator.Orchestrator.start(Orchestrator.java:78)
	at Orchestrator.OrchestratorTests.lambda$runOrchestratorInThread$0(OrchestratorTests.java:71)
	at java.base/java.lang.Thread.run(Thread.java:1583)
10:54:21.044 [Thread-2] ERROR Orchestrator.Orchestrator -- Event queue was interrupted
java.lang.InterruptedException: null
	at EventBus.EventQueue.take(EventQueue.java:58)
	at Orchestrator.Orchestrator.start(Orchestrator.java:78)
	at Orchestrator.OrchestratorTests.lambda$runOrchestratorInThread$0(OrchestratorTests.java:71)
	at java.base/java.lang.Thread.run(Thread.java:1583)
10:54:21.044 [Thread-2] ERROR Orchestrator.Orchestrator -- Event queue was interrupted
java.lang.InterruptedException: null
	at EventBus.EventQueue.take(EventQueue.java:58)
	at Orchestrator.Orchestrator.start(Orchestrator.java:78)
	at Orchestrator.OrchestratorTests.lambda$runOrchestratorInThread$0(OrchestratorTests.java:71)
	at java.base/java.lang.Thread.run(Thread.java:1583)
10:54:21.044 [Thread-2] ERROR Orchestrator.Orchestrator -- Event queue was interrupted
java.lang.InterruptedException: null
	at EventBus.EventQueue.take(EventQueue.java:58)
	at Orchestrator.Orchestrator.start(Orchestrator.java:78)
	at Orchestrator.OrchestratorTests.lambda$runOrchestratorInThread$0(OrchestratorTests.java:71)
	at java.base/java.lang.Thread.run(Thread.java:1583)
10:54:21.044 [Thread-2] ERROR Orchestrator.Orchestrator -- Event queue was interrupted
java.lang.InterruptedException: null
	at EventBus.EventQueue.take(EventQueue.java:58)
	at Orchestrator.Orchestrator.start(Orchestrator.java:78)
	at Orchestrator.OrchestratorTests.lambda$runOrchestratorInThread$0(OrchestratorTests.java:71)
	at java.base/java.lang.Thread.run(Thread.java:1583)
10:54:21.044 [Thread-2] ERROR Orchestrator.Orchestrator -- Event queue was interrupted
java.lang.InterruptedException: null
	at EventBus.EventQueue.take(EventQueue.java:58)
	at Orchestrator.Orchestrator.start(Orchestrator.java:78)
	at Orchestrator.OrchestratorTests.lambda$runOrchestratorInThread$0(OrchestratorTests.java:71)
	at java.base/java.lang.Thread.run(Thread.java:1583)
10:54:21.044 [Thread-2] ERROR Orchestrator.Orchestrator -- Event queue was interrupted
java.lang.InterruptedException: null
	at EventBus.EventQueue.take(EventQueue.java:58)
	at Orchestrator.Orchestrator.start(Orchestrator.java:78)
	at Orchestrator.OrchestratorTests.lambda$runOrchestratorInThread$0(OrchestratorTests.java:71)
	at java.base/java.lang.Thread.run(Thread.java:1583)
10:54:21.044 [Thread-2] ERROR Orchestrator.Orchestrator -- Event queue was interrupted
java.lang.InterruptedException: null
	at EventBus.EventQueue.take(EventQueue.java:58)
	at Orchestrator.Orchestrator.start(Orchestrator.java:78)
	at Orchestrator.OrchestratorTests.lambda$runOrchestratorInThread$0(OrchestratorTests.java:71)
	at java.base/java.lang.Thread.run(Thread.java:1583)
10:54:21.044 [Thread-2] ERROR Orchestrator.Orchestrator -- Event queue was interrupted
java.lang.InterruptedException: null
	at EventBus.EventQueue.take(EventQueue.java:58)
	at Orchestrator.Orchestrator.start(Orchestrator.java:78)
	at Orchestrator.OrchestratorTests.lambda$runOrchestratorInThread$0(OrchestratorTests.java:71)
	at java.base/java.lang.Thread.run(Thread.java:1583)
10:54:21.044 [Thread-2] ERROR Orchestrator.Orchestrator -- Event queue was interrupted
java.lang.InterruptedException: null
	at EventBus.EventQueue.take(EventQueue.java:58)
	at Orchestrator.Orchestrator.start(Orchestrator.java:78)
	at Orchestrator.OrchestratorTests.lambda$runOrchestratorInThread$0(OrchestratorTests.java:71)
	at java.base/java.lang.Thread.run(Thread.java:1583)
10:54:21.044 [Thread-2] ERROR Orchestrator.Orchestrator -- Event queue was interrupted
java.lang.InterruptedException: null
	at EventBus.EventQueue.take(EventQueue.java:58)
	at Orchestrator.Orchestrator.start(Orchestrator.java:78)
	at Orchestrator.OrchestratorTests.lambda$runOrchestratorInThread$0(OrchestratorTests.java:71)
	at java.base/java.lang.Thread.run(Thread.java:1583)
10:54:21.044 [Thread-2] ERROR Orchestrator.Orchestrator -- Event queue was interrupted
java.lang.InterruptedException: null
	at EventBus.EventQueue.take(EventQueue.java:58)
	at Orchestrator.Orchestrator.start(Orchestrator.java:78)
	at Orchestrator.OrchestratorTests.lambda$runOrchestratorInThread$0(OrchestratorTests.java:71)
	at java.base/java.lang.Thread.run(Thread.java:1583)
10:54:21.044 [Thread-2] ERROR Orchestrator.Orchestrator -- Event queue was interrupted
java.lang.InterruptedException: null
	at EventBus.EventQueue.take(EventQueue.java:58)
	at Orchestrator.Orchestrator.start(Orchestrator.java:78)
	at Orchestrator.OrchestratorTests.lambda$runOrchestratorInThread$0(OrchestratorTests.java:71)
	at java.base/java.lang.Thread.run(Thread.java:1583)
10:54:21.044 [Thread-2] ERROR Orchestrator.Orchestrator -- Event queue was interrupted
java.lang.InterruptedException: null
	at EventBus.EventQueue.take(EventQueue.java:58)
	at Orchestrator.Orchestrator.start(Orchestrator.java:78)
	at Orchestrator.OrchestratorTests.lambda$runOrchestratorInThread$0(OrchestratorTests.java:71)
	at java.base/java.lang.Thread.run(Thread.java:1583)
10:54:21.044 [Thread-2] ERROR Orchestrator.Orchestrator -- Event queue was interrupted
java.lang.InterruptedException: null
	at EventBus.EventQueue.take(EventQueue.java:58)
	at Orchestrator.Orchestrator.start(Orchestrator.java:78)
	at Orchestrator.OrchestratorTests.lambda$runOrchestratorInThread$0(OrchestratorTests.java:71)
	at java.base/java.lang.Thread.run(Thread.java:1583)
10:54:21.044 [Thread-2] ERROR Orchestrator.Orchestrator -- Event queue was interrupted
java.lang.InterruptedException: null
	at EventBus.EventQueue.take(EventQueue.java:58)
	at Orchestrator.Orchestrator.start(Orchestrator.java:78)
	at Orchestrator.OrchestratorTests.lambda$runOrchestratorInThread$0(OrchestratorTests.java:71)
	at java.base/java.lang.Thread.run(Thread.java:1583)
10:54:21.044 [Thread-2] ERROR Orchestrator.Orchestrator -- Event queue was interrupted
java.lang.InterruptedException: null
	at EventBus.EventQueue.take(EventQueue.java:58)
	at Orchestrator.Orchestrator.start(Orchestrator.java:78)
	at Orchestrator.OrchestratorTests.lambda$runOrchestratorInThread$0(OrchestratorTests.java:71)
	at java.base/java.lang.Thread.run(Thread.java:1583)
10:54:21.044 [Thread-2] ERROR Orchestrator.Orchestrator -- Event queue was interrupted
java.lang.InterruptedException: null
	at EventBus.EventQueue.take(EventQueue.java:58)
	at Orchestrator.Orchestrator.start(Orchestrator.java:78)
	at Orchestrator.OrchestratorTests.lambda$runOrchestratorInThread$0(OrchestratorTests.java:71)
	at java.base/java.lang.Thread.run(Thread.java:1583)
10:54:21.045 [Thread-2] ERROR Orchestrator.Orchestrator -- Event queue was interrupted
java.lang.InterruptedException: null
	at EventBus.EventQueue.take(EventQueue.java:58)
	at Orchestrator.Orchestrator.start(Orchestrator.java:78)
	at Orchestrator.OrchestratorTests.lambda$runOrchestratorInThread$0(OrchestratorTests.java:71)
	at java.base/java.lang.Thread.run(Thread.java:1583)
10:54:21.045 [Thread-2] ERROR Orchestrator.Orchestrator -- Event queue was interrupted
java.lang.InterruptedException: null
	at EventBus.EventQueue.take(EventQueue.java:58)
	at Orchestrator.Orchestrator.start(Orchestrator.java:78)
	at Orchestrator.OrchestratorTests.lambda$runOrchestratorInThread$0(OrchestratorTests.java:71)
	at java.base/java.lang.Thread.run(Thread.java:1583)
10:54:21.045 [Thread-2] ERROR Orchestrator.Orchestrator -- Event queue was interrupted
java.lang.InterruptedException: null
	at EventBus.EventQueue.take(EventQueue.java:58)
	at Orchestrator.Orchestrator.start(Orchestrator.java:78)
	at Orchestrator.OrchestratorTests.lambda$runOrchestratorInThread$0(OrchestratorTests.java:71)
	at java.base/java.lang.Thread.run(Thread.java:1583)
10:54:21.045 [Thread-2] ERROR Orchestrator.Orchestrator -- Event queue was interrupted
java.lang.InterruptedException: null
	at EventBus.EventQueue.take(EventQueue.java:58)
	at Orchestrator.Orchestrator.start(Orchestrator.java:78)
	at Orchestrator.OrchestratorTests.lambda$runOrchestratorInThread$0(OrchestratorTests.java:71)
	at java.base/java.lang.Thread.run(Thread.java:1583)
10:54:21.045 [Thread-2] ERROR Orchestrator.Orchestrator -- Event queue was interrupted
java.lang.InterruptedException: null
	at EventBus.EventQueue.take(EventQueue.java:58)
	at Orchestrator.Orchestrator.start(Orchestrator.java:78)
	at Orchestrator.OrchestratorTests.lambda$runOrchestratorInThread$0(OrchestratorTests.java:71)
	at java.base/java.lang.Thread.run(Thread.java:1583)
10:54:21.045 [Thread-2] ERROR Orchestrator.Orchestrator -- Event queue was interrupted
java.lang.InterruptedException: null
	at EventBus.EventQueue.take(EventQueue.java:58)
	at Orchestrator.Orchestrator.start(Orchestrator.java:78)
	at Orchestrator.OrchestratorTests.lambda$runOrchestratorInThread$0(OrchestratorTests.java:71)
	at java.base/java.lang.Thread.run(Thread.java:1583)
10:54:21.045 [Thread-2] ERROR Orchestrator.Orchestrator -- Event queue was interrupted
java.lang.InterruptedException: null
	at EventBus.EventQueue.take(EventQueue.java:58)
	at Orchestrator.Orchestrator.start(Orchestrator.java:78)
	at Orchestrator.OrchestratorTests.lambda$runOrchestratorInThread$0(OrchestratorTests.java:71)
	at java.base/java.lang.Thread.run(Thread.java:1583)
10:54:21.045 [Thread-2] ERROR Orchestrator.Orchestrator -- Event queue was interrupted
java.lang.InterruptedException: null
	at EventBus.EventQueue.take(EventQueue.java:58)
	at Orchestrator.Orchestrator.start(Orchestrator.java:78)
	at Orchestrator.OrchestratorTests.lambda$runOrchestratorInThread$0(OrchestratorTests.java:71)
	at java.base/java.lang.Thread.run(Thread.java:1583)
10:54:21.045 [Thread-2] ERROR Orchestrator.Orchestrator -- Event queue was interrupted
java.lang.InterruptedException: null
	at EventBus.EventQueue.take(EventQueue.java:58)
	at Orchestrator.Orchestrator.start(Orchestrator.java:78)
	at Orchestrator.OrchestratorTests.lambda$runOrchestratorInThread$0(OrchestratorTests.java:71)
	at java.base/java.lang.Thread.run(Thread.java:1583)
10:54:21.045 [Thread-2] ERROR Orchestrator.Orchestrator -- Event queue was interrupted
java.lang.InterruptedException: null
	at EventBus.EventQueue.take(EventQueue.java:58)
	at Orchestrator.Orchestrator.start(Orchestrator.java:78)
	at Orchestrator.OrchestratorTests.lambda$runOrchestratorInThread$0(OrchestratorTests.java:71)
	at java.base/java.lang.Thread.run(Thread.java:1583)
10:54:21.045 [Thread-2] ERROR Orchestrator.Orchestrator -- Event queue was interrupted
java.lang.InterruptedException: null
	at EventBus.EventQueue.take(EventQueue.java:58)
	at Orchestrator.Orchestrator.start(Orchestrator.java:78)
	at Orchestrator.OrchestratorTests.lambda$runOrchestratorInThread$0(OrchestratorTests.java:71)
	at java.base/java.lang.Thread.run(Thread.java:1583)
10:54:21.045 [Thread-2] ERROR Orchestrator.Orchestrator -- Event queue was interrupted
java.lang.InterruptedException: null
	at EventBus.EventQueue.take(EventQueue.java:58)
	at Orchestrator.Orchestrator.start(Orchestrator.java:78)
	at Orchestrator.OrchestratorTests.lambda$runOrchestratorInThread$0(OrchestratorTests.java:71)
	at java.base/java.lang.Thread.run(Thread.java:1583)
10:54:21.045 [Thread-2] ERROR Orchestrator.Orchestrator -- Event queue was interrupted
java.lang.InterruptedException: null
	at EventBus.EventQueue.take(EventQueue.java:58)
	at Orchestrator.Orchestrator.start(Orchestrator.java:78)
	at Orchestrator.OrchestratorTests.lambda$runOrchestratorInThread$0(OrchestratorTests.java:71)
	at java.base/java.lang.Thread.run(Thread.java:1583)
10:54:21.045 [Thread-2] ERROR Orchestrator.Orchestrator -- Event queue was interrupted
java.lang.InterruptedException: null
	at EventBus.EventQueue.take(EventQueue.java:58)
	at Orchestrator.Orchestrator.start(Orchestrator.java:78)
	at Orchestrator.OrchestratorTests.lambda$runOrchestratorInThread$0(OrchestratorTests.java:71)
	at java.base/java.lang.Thread.run(Thread.java:1583)
10:54:21.045 [Thread-2] ERROR Orchestrator.Orchestrator -- Event queue was interrupted
java.lang.InterruptedException: null
	at EventBus.EventQueue.take(EventQueue.java:58)
	at Orchestrator.Orchestrator.start(Orchestrator.java:78)
	at Orchestrator.OrchestratorTests.lambda$runOrchestratorInThread$0(OrchestratorTests.java:71)
	at java.base/java.lang.Thread.run(Thread.java:1583)
10:54:21.045 [Thread-2] ERROR Orchestrator.Orchestrator -- Event queue was interrupted
java.lang.InterruptedException: null
	at EventBus.EventQueue.take(EventQueue.java:58)
	at Orchestrator.Orchestrator.start(Orchestrator.java:78)
	at Orchestrator.OrchestratorTests.lambda$runOrchestratorInThread$0(OrchestratorTests.java:71)
	at java.base/java.lang.Thread.run(Thread.java:1583)
10:54:21.045 [Thread-2] ERROR Orchestrator.Orchestrator -- Event queue was interrupted
java.lang.InterruptedException: null
	at EventBus.EventQueue.take(EventQueue.java:58)
	at Orchestrator.Orchestrator.start(Orchestrator.java:78)
	at Orchestrator.OrchestratorTests.lambda$runOrchestratorInThread$0(OrchestratorTests.java:71)
	at java.base/java.lang.Thread.run(Thread.java:1583)
10:54:21.045 [Thread-2] ERROR Orchestrator.Orchestrator -- Event queue was interrupted
java.lang.InterruptedException: null
	at EventBus.EventQueue.take(EventQueue.java:58)
	at Orchestrator.Orchestrator.start(Orchestrator.java:78)
	at Orchestrator.OrchestratorTests.lambda$runOrchestratorInThread$0(OrchestratorTests.java:71)
	at java.base/java.lang.Thread.run(Thread.java:1583)
10:54:21.045 [Thread-2] ERROR Orchestrator.Orchestrator -- Event queue was interrupted
java.lang.InterruptedException: null
	at EventBus.EventQueue.take(EventQueue.java:58)
	at Orchestrator.Orchestrator.start(Orchestrator.java:78)
	at Orchestrator.OrchestratorTests.lambda$runOrchestratorInThread$0(OrchestratorTests.java:71)
	at java.base/java.lang.Thread.run(Thread.java:1583)
10:54:21.045 [Thread-2] ERROR Orchestrator.Orchestrator -- Event queue was interrupted
java.lang.InterruptedException: null
	at EventBus.EventQueue.take(EventQueue.java:58)
	at Orchestrator.Orchestrator.start(Orchestrator.java:78)
	at Orchestrator.OrchestratorTests.lambda$runOrchestratorInThread$0(OrchestratorTests.java:71)
	at java.base/java.lang.Thread.run(Thread.java:1583)
10:54:21.045 [Thread-2] ERROR Orchestrator.Orchestrator -- Event queue was interrupted
java.lang.InterruptedException: null
	at EventBus.EventQueue.take(EventQueue.java:58)
	at Orchestrator.Orchestrator.start(Orchestrator.java:78)
	at Orchestrator.OrchestratorTests.lambda$runOrchestratorInThread$0(OrchestratorTests.java:71)
	at java.base/java.lang.Thread.run(Thread.java:1583)
10:54:21.045 [Thread-2] ERROR Orchestrator.Orchestrator -- Event queue was interrupted
java.lang.InterruptedException: null
	at EventBus.EventQueue.take(EventQueue.java:58)
	at Orchestrator.Orchestrator.start(Orchestrator.java:78)
	at Orchestrator.OrchestratorTests.lambda$runOrchestratorInThread$0(OrchestratorTests.java:71)
	at java.base/java.lang.Thread.run(Thread.java:1583)
10:54:21.045 [Thread-2] ERROR Orchestrator.Orchestrator -- Event queue was interrupted
java.lang.InterruptedException: null
	at EventBus.EventQueue.take(EventQueue.java:58)
	at Orchestrator.Orchestrator.start(Orchestrator.java:78)
	at Orchestrator.OrchestratorTests.lambda$runOrchestratorInThread$0(OrchestratorTests.java:71)
	at java.base/java.lang.Thread.run(Thread.java:1583)
10:54:21.046 [Thread-2] ERROR Orchestrator.Orchestrator -- Event queue was interrupted
java.lang.InterruptedException: null
	at EventBus.EventQueue.take(EventQueue.java:58)
	at Orchestrator.Orchestrator.start(Orchestrator.java:78)
	at Orchestrator.OrchestratorTests.lambda$runOrchestratorInThread$0(OrchestratorTests.java:71)
	at java.base/java.lang.Thread.run(Thread.java:1583)
10:54:21.046 [Thread-2] ERROR Orchestrator.Orchestrator -- Event queue was interrupted
java.lang.InterruptedException: null
	at EventBus.EventQueue.take(EventQueue.java:58)
	at Orchestrator.Orchestrator.start(Orchestrator.java:78)
	at Orchestrator.OrchestratorTests.lambda$runOrchestratorInThread$0(OrchestratorTests.java:71)
	at java.base/java.lang.Thread.run(Thread.java:1583)
10:54:21.046 [Thread-2] ERROR Orchestrator.Orchestrator -- Event queue was interrupted
java.lang.InterruptedException: null
	at EventBus.EventQueue.take(EventQueue.java:58)
	at Orchestrator.Orchestrator.start(Orchestrator.java:78)
	at Orchestrator.OrchestratorTests.lambda$runOrchestratorInThread$0(OrchestratorTests.java:71)
	at java.base/java.lang.Thread.run(Thread.java:1583)
10:54:21.046 [Thread-2] ERROR Orchestrator.Orchestrator -- Event queue was interrupted
java.lang.InterruptedException: null
	at EventBus.EventQueue.take(EventQueue.java:58)
	at Orchestrator.Orchestrator.start(Orchestrator.java:78)
	at Orchestrator.OrchestratorTests.lambda$runOrchestratorInThread$0(OrchestratorTests.java:71)
	at java.base/java.lang.Thread.run(Thread.java:1583)
10:54:21.046 [Thread-2] ERROR Orchestrator.Orchestrator -- Event queue was interrupted
java.lang.InterruptedException: null
	at EventBus.EventQueue.take(EventQueue.java:58)
	at Orchestrator.Orchestrator.start(Orchestrator.java:78)
	at Orchestrator.OrchestratorTests.lambda$runOrchestratorInThread$0(OrchestratorTests.java:71)
	at java.base/java.lang.Thread.run(Thread.java:1583)
10:54:21.046 [Thread-2] ERROR Orchestrator.Orchestrator -- Event queue was interrupted
java.lang.InterruptedException: null
	at EventBus.EventQueue.take(EventQueue.java:58)
	at Orchestrator.Orchestrator.start(Orchestrator.java:78)
	at Orchestrator.OrchestratorTests.lambda$runOrchestratorInThread$0(OrchestratorTests.java:71)
	at java.base/java.lang.Thread.run(Thread.java:1583)
10:54:21.046 [Thread-2] ERROR Orchestrator.Orchestrator -- Event queue was interrupted
java.lang.InterruptedException: null
	at EventBus.EventQueue.take(EventQueue.java:58)
	at Orchestrator.Orchestrator.start(Orchestrator.java:78)
	at Orchestrator.OrchestratorTests.lambda$runOrchestratorInThread$0(OrchestratorTests.java:71)
	at java.base/java.lang.Thread.run(Thread.java:1583)
10:54:21.046 [Thread-2] ERROR Orchestrator.Orchestrator -- Event queue was interrupted
java.lang.InterruptedException: null
	at EventBus.EventQueue.take(EventQueue.java:58)
	at Orchestrator.Orchestrator.start(Orchestrator.java:78)
	at Orchestrator.OrchestratorTests.lambda$runOrchestratorInThread$0(OrchestratorTests.java:71)
	at java.base/java.lang.Thread.run(Thread.java:1583)
10:54:21.046 [Thread-2] ERROR Orchestrator.Orchestrator -- Event queue was interrupted
java.lang.InterruptedException: null
	at EventBus.EventQueue.take(EventQueue.java:58)
	at Orchestrator.Orchestrator.start(Orchestrator.java:78)
	at Orchestrator.OrchestratorTests.lambda$runOrchestratorInThread$0(OrchestratorTests.java:71)
	at java.base/java.lang.Thread.run(Thread.java:1583)
10:54:21.046 [Thread-2] ERROR Orchestrator.Orchestrator -- Event queue was interrupted
java.lang.InterruptedException: null
	at EventBus.EventQueue.take(EventQueue.java:58)
	at Orchestrator.Orchestrator.start(Orchestrator.java:78)
	at Orchestrator.OrchestratorTests.lambda$runOrchestratorInThread$0(OrchestratorTests.java:71)
	at java.base/java.lang.Thread.run(Thread.java:1583)
10:54:21.046 [Thread-2] ERROR Orchestrator.Orchestrator -- Event queue was interrupted
java.lang.InterruptedException: null
	at EventBus.EventQueue.take(EventQueue.java:58)
	at Orchestrator.Orchestrator.start(Orchestrator.java:78)
	at Orchestrator.OrchestratorTests.lambda$runOrchestratorInThread$0(OrchestratorTests.java:71)
	at java.base/java.lang.Thread.run(Thread.java:1583)
10:54:21.046 [Thread-2] ERROR Orchestrator.Orchestrator -- Event queue was interrupted
java.lang.InterruptedException: null
	at EventBus.EventQueue.take(EventQueue.java:58)
	at Orchestrator.Orchestrator.start(Orchestrator.java:78)
	at Orchestrator.OrchestratorTests.lambda$runOrchestratorInThread$0(OrchestratorTests.java:71)
	at java.base/java.lang.Thread.run(Thread.java:1583)
10:54:21.046 [Thread-2] ERROR Orchestrator.Orchestrator -- Event queue was interrupted
java.lang.InterruptedException: null
	at EventBus.EventQueue.take(EventQueue.java:58)
	at Orchestrator.Orchestrator.start(Orchestrator.java:78)
	at Orchestrator.OrchestratorTests.lambda$runOrchestratorInThread$0(OrchestratorTests.java:71)
	at java.base/java.lang.Thread.run(Thread.java:1583)
10:54:21.046 [Thread-2] ERROR Orchestrator.Orchestrator -- Event queue was interrupted
java.lang.InterruptedException: null
	at EventBus.EventQueue.take(EventQueue.java:58)
	at Orchestrator.Orchestrator.start(Orchestrator.java:78)
	at Orchestrator.OrchestratorTests.lambda$runOrchestratorInThread$0(OrchestratorTests.java:71)
	at java.base/java.lang.Thread.run(Thread.java:1583)
10:54:21.046 [Thread-2] ERROR Orchestrator.Orchestrator -- Event queue was interrupted
java.lang.InterruptedException: null
	at EventBus.EventQueue.take(EventQueue.java:58)
	at Orchestrator.Orchestrator.start(Orchestrator.java:78)
	at Orchestrator.OrchestratorTests.lambda$runOrchestratorInThread$0(OrchestratorTests.java:71)
	at java.base/java.lang.Thread.run(Thread.java:1583)
10:54:21.046 [Thread-2] ERROR Orchestrator.Orchestrator -- Event queue was interrupted
java.lang.InterruptedException: null
	at EventBus.EventQueue.take(EventQueue.java:58)
	at Orchestrator.Orchestrator.start(Orchestrator.java:78)
	at Orchestrator.OrchestratorTests.lambda$runOrchestratorInThread$0(OrchestratorTests.java:71)
	at java.base/java.lang.Thread.run(Thread.java:1583)
10:54:21.046 [Thread-2] ERROR Orchestrator.Orchestrator -- Event queue was interrupted
java.lang.InterruptedException: null
	at EventBus.EventQueue.take(EventQueue.java:58)
	at Orchestrator.Orchestrator.start(Orchestrator.java:78)
	at Orchestrator.OrchestratorTests.lambda$runOrchestratorInThread$0(OrchestratorTests.java:71)
	at java.base/java.lang.Thread.run(Thread.java:1583)
10:54:21.046 [Thread-2] ERROR Orchestrator.Orchestrator -- Event queue was interrupted
java.lang.InterruptedException: null
	at EventBus.EventQueue.take(EventQueue.java:58)
	at Orchestrator.Orchestrator.start(Orchestrator.java:78)
	at Orchestrator.OrchestratorTests.lambda$runOrchestratorInThread$0(OrchestratorTests.java:71)
	at java.base/java.lang.Thread.run(Thread.java:1583)
10:54:21.046 [Thread-2] ERROR Orchestrator.Orchestrator -- Event queue was interrupted
java.lang.InterruptedException: null
	at EventBus.EventQueue.take(EventQueue.java:58)
	at Orchestrator.Orchestrator.start(Orchestrator.java:78)
	at Orchestrator.OrchestratorTests.lambda$runOrchestratorInThread$0(OrchestratorTests.java:71)
	at java.base/java.lang.Thread.run(Thread.java:1583)
10:54:21.046 [Thread-2] ERROR Orchestrator.Orchestrator -- Event queue was interrupted
java.lang.InterruptedException: null
	at EventBus.EventQueue.take(EventQueue.java:58)
	at Orchestrator.Orchestrator.start(Orchestrator.java:78)
	at Orchestrator.OrchestratorTests.lambda$runOrchestratorInThread$0(OrchestratorTests.java:71)
	at java.base/java.lang.Thread.run(Thread.java:1583)
10:54:21.046 [Thread-2] ERROR Orchestrator.Orchestrator -- Event queue was interrupted
java.lang.InterruptedException: null
	at EventBus.EventQueue.take(EventQueue.java:58)
	at Orchestrator.Orchestrator.start(Orchestrator.java:78)
	at Orchestrator.OrchestratorTests.lambda$runOrchestratorInThread$0(OrchestratorTests.java:71)
	at java.base/java.lang.Thread.run(Thread.java:1583)
10:54:21.038 [Thread-1] ERROR Orchestrator.Orchestrator -- Event queue was interrupted
java.lang.InterruptedException: null
	at EventBus.EventQueue.take(EventQueue.java:58)
	at Orchestrator.Orchestrator.start(Orchestrator.java:78)
	at Orchestrator.OrchestratorTests.lambda$runOrchestratorInThread$0(OrchestratorTests.java:71)
	at java.base/java.lang.Thread.run(Thread.java:1583)
10:54:21.047 [Thread-1] ERROR Orchestrator.Orchestrator -- Event queue was interrupted
java.lang.InterruptedException: null
	at EventBus.EventQueue.take(EventQueue.java:58)
	at Orchestrator.Orchestrator.start(Orchestrator.java:78)
	at Orchestrator.OrchestratorTests.lambda$runOrchestratorInThread$0(OrchestratorTests.java:71)
	at java.base/java.lang.Thread.run(Thread.java:1583)
10:54:21.047 [Thread-1] ERROR Orchestrator.Orchestrator -- Event queue was interrupted
java.lang.InterruptedException: null
	at EventBus.EventQueue.take(EventQueue.java:58)
	at Orchestrator.Orchestrator.start(Orchestrator.java:78)
	at Orchestrator.OrchestratorTests.lambda$runOrchestratorInThread$0(OrchestratorTests.java:71)
	at java.base/java.lang.Thread.run(Thread.java:1583)
10:54:21.047 [Thread-1] ERROR Orchestrator.Orchestrator -- Event queue was interrupted
java.lang.InterruptedException: null
	at EventBus.EventQueue.take(EventQueue.java:58)
	at Orchestrator.Orchestrator.start(Orchestrator.java:78)
	at Orchestrator.OrchestratorTests.lambda$runOrchestratorInThread$0(OrchestratorTests.java:71)
	at java.base/java.lang.Thread.run(Thread.java:1583)
10:54:21.047 [Thread-1] ERROR Orchestrator.Orchestrator -- Event queue was interrupted
java.lang.InterruptedException: null
	at EventBus.EventQueue.take(EventQueue.java:58)
	at Orchestrator.Orchestrator.start(Orchestrator.java:78)
	at Orchestrator.OrchestratorTests.lambda$runOrchestratorInThread$0(OrchestratorTests.java:71)
	at java.base/java.lang.Thread.run(Thread.java:1583)
10:54:21.047 [Thread-1] ERROR Orchestrator.Orchestrator -- Event queue was interrupted
java.lang.InterruptedException: null
	at EventBus.EventQueue.take(EventQueue.java:58)
	at Orchestrator.Orchestrator.start(Orchestrator.java:78)
	at Orchestrator.OrchestratorTests.lambda$runOrchestratorInThread$0(OrchestratorTests.java:71)
	at java.base/java.lang.Thread.run(Thread.java:1583)
10:54:21.047 [Thread-1] ERROR Orchestrator.Orchestrator -- Event queue was interrupted
java.lang.InterruptedException: null
	at EventBus.EventQueue.take(EventQueue.java:58)
	at Orchestrator.Orchestrator.start(Orchestrator.java:78)
	at Orchestrator.OrchestratorTests.lambda$runOrchestratorInThread$0(OrchestratorTests.java:71)
	at java.base/java.lang.Thread.run(Thread.java:1583)
10:54:21.047 [Thread-1] ERROR Orchestrator.Orchestrator -- Event queue was interrupted
java.lang.InterruptedException: null
	at EventBus.EventQueue.take(EventQueue.java:58)
	at Orchestrator.Orchestrator.start(Orchestrator.java:78)
	at Orchestrator.OrchestratorTests.lambda$runOrchestratorInThread$0(OrchestratorTests.java:71)
	at java.base/java.lang.Thread.run(Thread.java:1583)
10:54:21.047 [Thread-1] ERROR Orchestrator.Orchestrator -- Event queue was interrupted
java.lang.InterruptedException: null
	at EventBus.EventQueue.take(EventQueue.java:58)
	at Orchestrator.Orchestrator.start(Orchestrator.java:78)
	at Orchestrator.OrchestratorTests.lambda$runOrchestratorInThread$0(OrchestratorTests.java:71)
	at java.base/java.lang.Thread.run(Thread.java:1583)
10:54:21.047 [Thread-1] ERROR Orchestrator.Orchestrator -- Event queue was interrupted
java.lang.InterruptedException: null
	at EventBus.EventQueue.take(EventQueue.java:58)
	at Orchestrator.Orchestrator.start(Orchestrator.java:78)
	at Orchestrator.OrchestratorTests.lambda$runOrchestratorInThread$0(OrchestratorTests.java:71)
	at java.base/java.lang.Thread.run(Thread.java:1583)
10:54:21.047 [Thread-1] ERROR Orchestrator.Orchestrator -- Event queue was interrupted
java.lang.InterruptedException: null
	at EventBus.EventQueue.take(EventQueue.java:58)
	at Orchestrator.Orchestrator.start(Orchestrator.java:78)
	at Orchestrator.OrchestratorTests.lambda$runOrchestratorInThread$0(OrchestratorTests.java:71)
	at java.base/java.lang.Thread.run(Thread.java:1583)
10:54:21.047 [Thread-1] ERROR Orchestrator.Orchestrator -- Event queue was interrupted
java.lang.InterruptedException: null
	at EventBus.EventQueue.take(EventQueue.java:58)
	at Orchestrator.Orchestrator.start(Orchestrator.java:78)
	at Orchestrator.OrchestratorTests.lambda$runOrchestratorInThread$0(OrchestratorTests.java:71)
	at java.base/java.lang.Thread.run(Thread.java:1583)
10:54:21.047 [Thread-2] ERROR Orchestrator.Orchestrator -- Event queue was interrupted
java.lang.InterruptedException: null
	at EventBus.EventQueue.take(EventQueue.java:58)
	at Orchestrator.Orchestrator.start(Orchestrator.java:78)
	at Orchestrator.OrchestratorTests.lambda$runOrchestratorInThread$0(OrchestratorTests.java:71)
	at java.base/java.lang.Thread.run(Thread.java:1583)
10:54:21.047 [Thread-1] ERROR Orchestrator.Orchestrator -- Event queue was interrupted
java.lang.InterruptedException: null
	at EventBus.EventQueue.take(EventQueue.java:58)
	at Orchestrator.Orchestrator.start(Orchestrator.java:78)
	at Orchestrator.OrchestratorTests.lambda$runOrchestratorInThread$0(OrchestratorTests.java:71)
	at java.base/java.lang.Thread.run(Thread.java:1583)
10:54:21.047 [Thread-1] ERROR Orchestrator.Orchestrator -- Event queue was interrupted
java.lang.InterruptedException: null
	at EventBus.EventQueue.take(EventQueue.java:58)
	at Orchestrator.Orchestrator.start(Orchestrator.java:78)
	at Orchestrator.OrchestratorTests.lambda$runOrchestratorInThread$0(OrchestratorTests.java:71)
	at java.base/java.lang.Thread.run(Thread.java:1583)
10:54:21.047 [Thread-2] ERROR Orchestrator.Orchestrator -- Event queue was interrupted
java.lang.InterruptedException: null
	at EventBus.EventQueue.take(EventQueue.java:58)
	at Orchestrator.Orchestrator.start(Orchestrator.java:78)
	at Orchestrator.OrchestratorTests.lambda$runOrchestratorInThread$0(OrchestratorTests.java:71)
	at java.base/java.lang.Thread.run(Thread.java:1583)
10:54:21.047 [Thread-1] ERROR Orchestrator.Orchestrator -- Event queue was interrupted
java.lang.InterruptedException: null
	at EventBus.EventQueue.take(EventQueue.java:58)
	at Orchestrator.Orchestrator.start(Orchestrator.java:78)
	at Orchestrator.OrchestratorTests.lambda$runOrchestratorInThread$0(OrchestratorTests.java:71)
	at java.base/java.lang.Thread.run(Thread.java:1583)
10:54:21.047 [Thread-2] ERROR Orchestrator.Orchestrator -- Event queue was interrupted
java.lang.InterruptedException: null
	at EventBus.EventQueue.take(EventQueue.java:58)
	at Orchestrator.Orchestrator.start(Orchestrator.java:78)
	at Orchestrator.OrchestratorTests.lambda$runOrchestratorInThread$0(OrchestratorTests.java:71)
	at java.base/java.lang.Thread.run(Thread.java:1583)
10:54:21.047 [Thread-1] ERROR Orchestrator.Orchestrator -- Event queue was interrupted
java.lang.InterruptedException: null
	at EventBus.EventQueue.take(EventQueue.java:58)
	at Orchestrator.Orchestrator.start(Orchestrator.java:78)
	at Orchestrator.OrchestratorTests.lambda$runOrchestratorInThread$0(OrchestratorTests.java:71)
	at java.base/java.lang.Thread.run(Thread.java:1583)
10:54:21.047 [Thread-2] ERROR Orchestrator.Orchestrator -- Event queue was interrupted
java.lang.InterruptedException: null
	at EventBus.EventQueue.take(EventQueue.java:58)
	at Orchestrator.Orchestrator.start(Orchestrator.java:78)
	at Orchestrator.OrchestratorTests.lambda$runOrchestratorInThread$0(OrchestratorTests.java:71)
	at java.base/java.lang.Thread.run(Thread.java:1583)
10:54:21.047 [Thread-1] ERROR Orchestrator.Orchestrator -- Event queue was interrupted
java.lang.InterruptedException: null
	at EventBus.EventQueue.take(EventQueue.java:58)
	at Orchestrator.Orchestrator.start(Orchestrator.java:78)
	at Orchestrator.OrchestratorTests.lambda$runOrchestratorInThread$0(OrchestratorTests.java:71)
	at java.base/java.lang.Thread.run(Thread.java:1583)
10:54:21.048 [Thread-2] ERROR Orchestrator.Orchestrator -- Event queue was interrupted
java.lang.InterruptedException: null
	at EventBus.EventQueue.take(EventQueue.java:58)
	at Orchestrator.Orchestrator.start(Orchestrator.java:78)
	at Orchestrator.OrchestratorTests.lambda$runOrchestratorInThread$0(OrchestratorTests.java:71)
	at java.base/java.lang.Thread.run(Thread.java:1583)
10:54:21.048 [Thread-1] ERROR Orchestrator.Orchestrator -- Event queue was interrupted
java.lang.InterruptedException: null
	at EventBus.EventQueue.take(EventQueue.java:58)
	at Orchestrator.Orchestrator.start(Orchestrator.java:78)
	at Orchestrator.OrchestratorTests.lambda$runOrchestratorInThread$0(OrchestratorTests.java:71)
	at java.base/java.lang.Thread.run(Thread.java:1583)
10:54:21.048 [Thread-2] ERROR Orchestrator.Orchestrator -- Event queue was interrupted
java.lang.InterruptedException: null
	at EventBus.EventQueue.take(EventQueue.java:58)
	at Orchestrator.Orchestrator.start(Orchestrator.java:78)
	at Orchestrator.OrchestratorTests.lambda$runOrchestratorInThread$0(OrchestratorTests.java:71)
	at java.base/java.lang.Thread.run(Thread.java:1583)
10:54:21.048 [Thread-1] ERROR Orchestrator.Orchestrator -- Event queue was interrupted
java.lang.InterruptedException: null
	at EventBus.EventQueue.take(EventQueue.java:58)
	at Orchestrator.Orchestrator.start(Orchestrator.java:78)
	at Orchestrator.OrchestratorTests.lambda$runOrchestratorInThread$0(OrchestratorTests.java:71)
	at java.base/java.lang.Thread.run(Thread.java:1583)
10:54:21.048 [Thread-2] ERROR Orchestrator.Orchestrator -- Event queue was interrupted
java.lang.InterruptedException: null
	at EventBus.EventQueue.take(EventQueue.java:58)
	at Orchestrator.Orchestrator.start(Orchestrator.java:78)
	at Orchestrator.OrchestratorTests.lambda$runOrchestratorInThread$0(OrchestratorTests.java:71)
	at java.base/java.lang.Thread.run(Thread.java:1583)
10:54:21.048 [Thread-1] ERROR Orchestrator.Orchestrator -- Event queue was interrupted
java.lang.InterruptedException: null
	at EventBus.EventQueue.take(EventQueue.java:58)
	at Orchestrator.Orchestrator.start(Orchestrator.java:78)
	at Orchestrator.OrchestratorTests.lambda$runOrchestratorInThread$0(OrchestratorTests.java:71)
	at java.base/java.lang.Thread.run(Thread.java:1583)
10:54:21.048 [Thread-1] ERROR Orchestrator.Orchestrator -- Event queue was interrupted
java.lang.InterruptedException: null
	at EventBus.EventQueue.take(EventQueue.java:58)
	at Orchestrator.Orchestrator.start(Orchestrator.java:78)
	at Orchestrator.OrchestratorTests.lambda$runOrchestratorInThread$0(OrchestratorTests.java:71)
	at java.base/java.lang.Thread.run(Thread.java:1583)
10:54:21.048 [Thread-2] ERROR Orchestrator.Orchestrator -- Event queue was interrupted
java.lang.InterruptedException: null
	at EventBus.EventQueue.take(EventQueue.java:58)
	at Orchestrator.Orchestrator.start(Orchestrator.java:78)
	at Orchestrator.OrchestratorTests.lambda$runOrchestratorInThread$0(OrchestratorTests.java:71)
	at java.base/java.lang.Thread.run(Thread.java:1583)
10:54:21.048 [Thread-1] ERROR Orchestrator.Orchestrator -- Event queue was interrupted
java.lang.InterruptedException: null
	at EventBus.EventQueue.take(EventQueue.java:58)
	at Orchestrator.Orchestrator.start(Orchestrator.java:78)
	at Orchestrator.OrchestratorTests.lambda$runOrchestratorInThread$0(OrchestratorTests.java:71)
	at java.base/java.lang.Thread.run(Thread.java:1583)
10:54:21.048 [Thread-2] ERROR Orchestrator.Orchestrator -- Event queue was interrupted
java.lang.InterruptedException: null
	at EventBus.EventQueue.take(EventQueue.java:58)
	at Orchestrator.Orchestrator.start(Orchestrator.java:78)
	at Orchestrator.OrchestratorTests.lambda$runOrchestratorInThread$0(OrchestratorTests.java:71)
	at java.base/java.lang.Thread.run(Thread.java:1583)
10:54:21.048 [Thread-1] ERROR Orchestrator.Orchestrator -- Event queue was interrupted
java.lang.InterruptedException: null
	at EventBus.EventQueue.take(EventQueue.java:58)
	at Orchestrator.Orchestrator.start(Orchestrator.java:78)
	at Orchestrator.OrchestratorTests.lambda$runOrchestratorInThread$0(OrchestratorTests.java:71)
	at java.base/java.lang.Thread.run(Thread.java:1583)
10:54:21.048 [Thread-2] ERROR Orchestrator.Orchestrator -- Event queue was interrupted
java.lang.InterruptedException: null
	at EventBus.EventQueue.take(EventQueue.java:58)
	at Orchestrator.Orchestrator.start(Orchestrator.java:78)
	at Orchestrator.OrchestratorTests.lambda$runOrchestratorInThread$0(OrchestratorTests.java:71)
	at java.base/java.lang.Thread.run(Thread.java:1583)
10:54:21.048 [Thread-1] ERROR Orchestrator.Orchestrator -- Event queue was interrupted
java.lang.InterruptedException: null
	at EventBus.EventQueue.take(EventQueue.java:58)
	at Orchestrator.Orchestrator.start(Orchestrator.java:78)
	at Orchestrator.OrchestratorTests.lambda$runOrchestratorInThread$0(OrchestratorTests.java:71)
	at java.base/java.lang.Thread.run(Thread.java:1583)
10:54:21.048 [Thread-2] ERROR Orchestrator.Orchestrator -- Event queue was interrupted
java.lang.InterruptedException: null
	at EventBus.EventQueue.take(EventQueue.java:58)
	at Orchestrator.Orchestrator.start(Orchestrator.java:78)
	at Orchestrator.OrchestratorTests.lambda$runOrchestratorInThread$0(OrchestratorTests.java:71)
	at java.base/java.lang.Thread.run(Thread.java:1583)
10:54:21.048 [Thread-1] ERROR Orchestrator.Orchestrator -- Event queue was interrupted
java.lang.InterruptedException: null
	at EventBus.EventQueue.take(EventQueue.java:58)
	at Orchestrator.Orchestrator.start(Orchestrator.java:78)
	at Orchestrator.OrchestratorTests.lambda$runOrchestratorInThread$0(OrchestratorTests.java:71)
	at java.base/java.lang.Thread.run(Thread.java:1583)
10:54:21.048 [Thread-2] ERROR Orchestrator.Orchestrator -- Event queue was interrupted
java.lang.InterruptedException: null
	at EventBus.EventQueue.take(EventQueue.java:58)
	at Orchestrator.Orchestrator.start(Orchestrator.java:78)
	at Orchestrator.OrchestratorTests.lambda$runOrchestratorInThread$0(OrchestratorTests.java:71)
	at java.base/java.lang.Thread.run(Thread.java:1583)
10:54:21.048 [Thread-1] ERROR Orchestrator.Orchestrator -- Event queue was interrupted
java.lang.InterruptedException: null
	at EventBus.EventQueue.take(EventQueue.java:58)
	at Orchestrator.Orchestrator.start(Orchestrator.java:78)
	at Orchestrator.OrchestratorTests.lambda$runOrchestratorInThread$0(OrchestratorTests.java:71)
	at java.base/java.lang.Thread.run(Thread.java:1583)
10:54:21.048 [Thread-2] ERROR Orchestrator.Orchestrator -- Event queue was interrupted
java.lang.InterruptedException: null
	at EventBus.EventQueue.take(EventQueue.java:58)
	at Orchestrator.Orchestrator.start(Orchestrator.java:78)
	at Orchestrator.OrchestratorTests.lambda$runOrchestratorInThread$0(OrchestratorTests.java:71)
	at java.base/java.lang.Thread.run(Thread.java:1583)
10:54:21.048 [Thread-1] ERROR Orchestrator.Orchestrator -- Event queue was interrupted
java.lang.InterruptedException: null
	at EventBus.EventQueue.take(EventQueue.java:58)
	at Orchestrator.Orchestrator.start(Orchestrator.java:78)
	at Orchestrator.OrchestratorTests.lambda$runOrchestratorInThread$0(OrchestratorTests.java:71)
	at java.base/java.lang.Thread.run(Thread.java:1583)
10:54:21.048 [Thread-1] ERROR Orchestrator.Orchestrator -- Event queue was interrupted
java.lang.InterruptedException: null
	at EventBus.EventQueue.take(EventQueue.java:58)
	at Orchestrator.Orchestrator.start(Orchestrator.java:78)
	at Orchestrator.OrchestratorTests.lambda$runOrchestratorInThread$0(OrchestratorTests.java:71)
	at java.base/java.lang.Thread.run(Thread.java:1583)
10:54:21.048 [Thread-2] ERROR Orchestrator.Orchestrator -- Event queue was interrupted
java.lang.InterruptedException: null
	at EventBus.EventQueue.take(EventQueue.java:58)
	at Orchestrator.Orchestrator.start(Orchestrator.java:78)
	at Orchestrator.OrchestratorTests.lambda$runOrchestratorInThread$0(OrchestratorTests.java:71)
	at java.base/java.lang.Thread.run(Thread.java:1583)
10:54:21.048 [Thread-1] ERROR Orchestrator.Orchestrator -- Event queue was interrupted
java.lang.InterruptedException: null
	at EventBus.EventQueue.take(EventQueue.java:58)
	at Orchestrator.Orchestrator.start(Orchestrator.java:78)
	at Orchestrator.OrchestratorTests.lambda$runOrchestratorInThread$0(OrchestratorTests.java:71)
	at java.base/java.lang.Thread.run(Thread.java:1583)
10:54:21.048 [Thread-2] ERROR Orchestrator.Orchestrator -- Event queue was interrupted
java.lang.InterruptedException: null
	at EventBus.EventQueue.take(EventQueue.java:58)
	at Orchestrator.Orchestrator.start(Orchestrator.java:78)
	at Orchestrator.OrchestratorTests.lambda$runOrchestratorInThread$0(OrchestratorTests.java:71)
	at java.base/java.lang.Thread.run(Thread.java:1583)
10:54:21.048 [Thread-1] ERROR Orchestrator.Orchestrator -- Event queue was interrupted
java.lang.InterruptedException: null
	at EventBus.EventQueue.take(EventQueue.java:58)
	at Orchestrator.Orchestrator.start(Orchestrator.java:78)
	at Orchestrator.OrchestratorTests.lambda$runOrchestratorInThread$0(OrchestratorTests.java:71)
	at java.base/java.lang.Thread.run(Thread.java:1583)
10:54:21.049 [Thread-2] ERROR Orchestrator.Orchestrator -- Event queue was interrupted
java.lang.InterruptedException: null
	at EventBus.EventQueue.take(EventQueue.java:58)
	at Orchestrator.Orchestrator.start(Orchestrator.java:78)
	at Orchestrator.OrchestratorTests.lambda$runOrchestratorInThread$0(OrchestratorTests.java:71)
	at java.base/java.lang.Thread.run(Thread.java:1583)
10:54:21.049 [Thread-1] ERROR Orchestrator.Orchestrator -- Event queue was interrupted
java.lang.InterruptedException: null
	at EventBus.EventQueue.take(EventQueue.java:58)
	at Orchestrator.Orchestrator.start(Orchestrator.java:78)
	at Orchestrator.OrchestratorTests.lambda$runOrchestratorInThread$0(OrchestratorTests.java:71)
	at java.base/java.lang.Thread.run(Thread.java:1583)
10:54:21.049 [Thread-2] ERROR Orchestrator.Orchestrator -- Event queue was interrupted
java.lang.InterruptedException: null
	at EventBus.EventQueue.take(EventQueue.java:58)
	at Orchestrator.Orchestrator.start(Orchestrator.java:78)
	at Orchestrator.OrchestratorTests.lambda$runOrchestratorInThread$0(OrchestratorTests.java:71)
	at java.base/java.lang.Thread.run(Thread.java:1583)
10:54:21.049 [Thread-2] ERROR Orchestrator.Orchestrator -- Event queue was interrupted
java.lang.InterruptedException: null
	at EventBus.EventQueue.take(EventQueue.java:58)
	at Orchestrator.Orchestrator.start(Orchestrator.java:78)
	at Orchestrator.OrchestratorTests.lambda$runOrchestratorInThread$0(OrchestratorTests.java:71)
	at java.base/java.lang.Thread.run(Thread.java:1583)
10:54:21.049 [Thread-2] ERROR Orchestrator.Orchestrator -- Event queue was interrupted
java.lang.InterruptedException: null
	at EventBus.EventQueue.take(EventQueue.java:58)
	at Orchestrator.Orchestrator.start(Orchestrator.java:78)
	at Orchestrator.OrchestratorTests.lambda$runOrchestratorInThread$0(OrchestratorTests.java:71)
	at java.base/java.lang.Thread.run(Thread.java:1583)
10:54:21.049 [Thread-2] ERROR Orchestrator.Orchestrator -- Event queue was interrupted
java.lang.InterruptedException: null
	at EventBus.EventQueue.take(EventQueue.java:58)
	at Orchestrator.Orchestrator.start(Orchestrator.java:78)
	at Orchestrator.OrchestratorTests.lambda$runOrchestratorInThread$0(OrchestratorTests.java:71)
	at java.base/java.lang.Thread.run(Thread.java:1583)
10:54:21.049 [Thread-1] ERROR Orchestrator.Orchestrator -- Event queue was interrupted
java.lang.InterruptedException: null
	at EventBus.EventQueue.take(EventQueue.java:58)
	at Orchestrator.Orchestrator.start(Orchestrator.java:78)
	at Orchestrator.OrchestratorTests.lambda$runOrchestratorInThread$0(OrchestratorTests.java:71)
	at java.base/java.lang.Thread.run(Thread.java:1583)
10:54:21.049 [Thread-2] ERROR Orchestrator.Orchestrator -- Event queue was interrupted
java.lang.InterruptedException: null
	at EventBus.EventQueue.take(EventQueue.java:58)
	at Orchestrator.Orchestrator.start(Orchestrator.java:78)
	at Orchestrator.OrchestratorTests.lambda$runOrchestratorInThread$0(OrchestratorTests.java:71)
	at java.base/java.lang.Thread.run(Thread.java:1583)
10:54:21.049 [Thread-2] ERROR Orchestrator.Orchestrator -- Event queue was interrupted
java.lang.InterruptedException: null
	at EventBus.EventQueue.take(EventQueue.java:58)
	at Orchestrator.Orchestrator.start(Orchestrator.java:78)
	at Orchestrator.OrchestratorTests.lambda$runOrchestratorInThread$0(OrchestratorTests.java:71)
	at java.base/java.lang.Thread.run(Thread.java:1583)
10:54:21.049 [Thread-1] ERROR Orchestrator.Orchestrator -- Event queue was interrupted
java.lang.InterruptedException: null
	at EventBus.EventQueue.take(EventQueue.java:58)
	at Orchestrator.Orchestrator.start(Orchestrator.java:78)
	at Orchestrator.OrchestratorTests.lambda$runOrchestratorInThread$0(OrchestratorTests.java:71)
	at java.base/java.lang.Thread.run(Thread.java:1583)
10:54:21.049 [Thread-2] ERROR Orchestrator.Orchestrator -- Event queue was interrupted
java.lang.InterruptedException: null
	at EventBus.EventQueue.take(EventQueue.java:58)
	at Orchestrator.Orchestrator.start(Orchestrator.java:78)
	at Orchestrator.OrchestratorTests.lambda$runOrchestratorInThread$0(OrchestratorTests.java:71)
	at java.base/java.lang.Thread.run(Thread.java:1583)
10:54:21.049 [Thread-1] ERROR Orchestrator.Orchestrator -- Event queue was interrupted
java.lang.InterruptedException: null
	at EventBus.EventQueue.take(EventQueue.java:58)
	at Orchestrator.Orchestrator.start(Orchestrator.java:78)
	at Orchestrator.OrchestratorTests.lambda$runOrchestratorInThread$0(OrchestratorTests.java:71)
	at java.base/java.lang.Thread.run(Thread.java:1583)
10:54:21.049 [Thread-2] ERROR Orchestrator.Orchestrator -- Event queue was interrupted
java.lang.InterruptedException: null
	at EventBus.EventQueue.take(EventQueue.java:58)
	at Orchestrator.Orchestrator.start(Orchestrator.java:78)
	at Orchestrator.OrchestratorTests.lambda$runOrchestratorInThread$0(OrchestratorTests.java:71)
	at java.base/java.lang.Thread.run(Thread.java:1583)
10:54:21.049 [Thread-1] ERROR Orchestrator.Orchestrator -- Event queue was interrupted
java.lang.InterruptedException: null
	at EventBus.EventQueue.take(EventQueue.java:58)
	at Orchestrator.Orchestrator.start(Orchestrator.java:78)
	at Orchestrator.OrchestratorTests.lambda$runOrchestratorInThread$0(OrchestratorTests.java:71)
	at java.base/java.lang.Thread.run(Thread.java:1583)
10:54:21.049 [Thread-1] ERROR Orchestrator.Orchestrator -- Event queue was interrupted
java.lang.InterruptedException: null
	at EventBus.EventQueue.take(EventQueue.java:58)
	at Orchestrator.Orchestrator.start(Orchestrator.java:78)
	at Orchestrator.OrchestratorTests.lambda$runOrchestratorInThread$0(OrchestratorTests.java:71)
	at java.base/java.lang.Thread.run(Thread.java:1583)
10:54:21.050 [Thread-1] ERROR Orchestrator.Orchestrator -- Event queue was interrupted
java.lang.InterruptedException: null
	at EventBus.EventQueue.take(EventQueue.java:58)
	at Orchestrator.Orchestrator.start(Orchestrator.java:78)
	at Orchestrator.OrchestratorTests.lambda$runOrchestratorInThread$0(OrchestratorTests.java:71)
	at java.base/java.lang.Thread.run(Thread.java:1583)
10:54:21.050 [Thread-1] ERROR Orchestrator.Orchestrator -- Event queue was interrupted
java.lang.InterruptedException: null
	at EventBus.EventQueue.take(EventQueue.java:58)
	at Orchestrator.Orchestrator.start(Orchestrator.java:78)
	at Orchestrator.OrchestratorTests.lambda$runOrchestratorInThread$0(OrchestratorTests.java:71)
	at java.base/java.lang.Thread.run(Thread.java:1583)
10:54:21.050 [Thread-1] ERROR Orchestrator.Orchestrator -- Event queue was interrupted
java.lang.InterruptedException: null
	at EventBus.EventQueue.take(EventQueue.java:58)
	at Orchestrator.Orchestrator.start(Orchestrator.java:78)
	at Orchestrator.OrchestratorTests.lambda$runOrchestratorInThread$0(OrchestratorTests.java:71)
	at java.base/java.lang.Thread.run(Thread.java:1583)
10:54:21.050 [Thread-1] ERROR Orchestrator.Orchestrator -- Event queue was interrupted
java.lang.InterruptedException: null
	at EventBus.EventQueue.take(EventQueue.java:58)
	at Orchestrator.Orchestrator.start(Orchestrator.java:78)
	at Orchestrator.OrchestratorTests.lambda$runOrchestratorInThread$0(OrchestratorTests.java:71)
	at java.base/java.lang.Thread.run(Thread.java:1583)
10:54:21.050 [Thread-1] ERROR Orchestrator.Orchestrator -- Event queue was interrupted
java.lang.InterruptedException: null
	at EventBus.EventQueue.take(EventQueue.java:58)
	at Orchestrator.Orchestrator.start(Orchestrator.java:78)
	at Orchestrator.OrchestratorTests.lambda$runOrchestratorInThread$0(OrchestratorTests.java:71)
	at java.base/java.lang.Thread.run(Thread.java:1583)
10:54:21.050 [Thread-1] ERROR Orchestrator.Orchestrator -- Event queue was interrupted
java.lang.InterruptedException: null
	at EventBus.EventQueue.take(EventQueue.java:58)
	at Orchestrator.Orchestrator.start(Orchestrator.java:78)
	at Orchestrator.OrchestratorTests.lambda$runOrchestratorInThread$0(OrchestratorTests.java:71)
	at java.base/java.lang.Thread.run(Thread.java:1583)
10:54:21.050 [Thread-1] ERROR Orchestrator.Orchestrator -- Event queue was interrupted
java.lang.InterruptedException: null
	at EventBus.EventQueue.take(EventQueue.java:58)
	at Orchestrator.Orchestrator.start(Orchestrator.java:78)
	at Orchestrator.OrchestratorTests.lambda$runOrchestratorInThread$0(OrchestratorTests.java:71)
	at java.base/java.lang.Thread.run(Thread.java:1583)
10:54:21.050 [Thread-1] ERROR Orchestrator.Orchestrator -- Event queue was interrupted
java.lang.InterruptedException: null
	at EventBus.EventQueue.take(EventQueue.java:58)
	at Orchestrator.Orchestrator.start(Orchestrator.java:78)
	at Orchestrator.OrchestratorTests.lambda$runOrchestratorInThread$0(OrchestratorTests.java:71)
	at java.base/java.lang.Thread.run(Thread.java:1583)
10:54:21.050 [Thread-1] ERROR Orchestrator.Orchestrator -- Event queue was interrupted
java.lang.InterruptedException: null
	at EventBus.EventQueue.take(EventQueue.java:58)
	at Orchestrator.Orchestrator.start(Orchestrator.java:78)
	at Orchestrator.OrchestratorTests.lambda$runOrchestratorInThread$0(OrchestratorTests.java:71)
	at java.base/java.lang.Thread.run(Thread.java:1583)
10:54:21.050 [Thread-1] ERROR Orchestrator.Orchestrator -- Event queue was interrupted
java.lang.InterruptedException: null
	at EventBus.EventQueue.take(EventQueue.java:58)
	at Orchestrator.Orchestrator.start(Orchestrator.java:78)
	at Orchestrator.OrchestratorTests.lambda$runOrchestratorInThread$0(OrchestratorTests.java:71)
	at java.base/java.lang.Thread.run(Thread.java:1583)
10:54:21.050 [Thread-1] ERROR Orchestrator.Orchestrator -- Event queue was interrupted
java.lang.InterruptedException: null
	at EventBus.EventQueue.take(EventQueue.java:58)
	at Orchestrator.Orchestrator.start(Orchestrator.java:78)
	at Orchestrator.OrchestratorTests.lambda$runOrchestratorInThread$0(OrchestratorTests.java:71)
	at java.base/java.lang.Thread.run(Thread.java:1583)
10:54:21.050 [Thread-1] ERROR Orchestrator.Orchestrator -- Event queue was interrupted
java.lang.InterruptedException: null
	at EventBus.EventQueue.take(EventQueue.java:58)
	at Orchestrator.Orchestrator.start(Orchestrator.java:78)
	at Orchestrator.OrchestratorTests.lambda$runOrchestratorInThread$0(OrchestratorTests.java:71)
	at java.base/java.lang.Thread.run(Thread.java:1583)
10:54:21.050 [Thread-1] ERROR Orchestrator.Orchestrator -- Event queue was interrupted
java.lang.InterruptedException: null
	at EventBus.EventQueue.take(EventQueue.java:58)
	at Orchestrator.Orchestrator.start(Orchestrator.java:78)
	at Orchestrator.OrchestratorTests.lambda$runOrchestratorInThread$0(OrchestratorTests.java:71)
	at java.base/java.lang.Thread.run(Thread.java:1583)
10:54:21.050 [Thread-1] ERROR Orchestrator.Orchestrator -- Event queue was interrupted
java.lang.InterruptedException: null
	at EventBus.EventQueue.take(EventQueue.java:58)
	at Orchestrator.Orchestrator.start(Orchestrator.java:78)
	at Orchestrator.OrchestratorTests.lambda$runOrchestratorInThread$0(OrchestratorTests.java:71)
	at java.base/java.lang.Thread.run(Thread.java:1583)
10:54:21.050 [Thread-1] ERROR Orchestrator.Orchestrator -- Event queue was interrupted
java.lang.InterruptedException: null
	at EventBus.EventQueue.take(EventQueue.java:58)
	at Orchestrator.Orchestrator.start(Orchestrator.java:78)
	at Orchestrator.OrchestratorTests.lambda$runOrchestratorInThread$0(OrchestratorTests.java:71)
	at java.base/java.lang.Thread.run(Thread.java:1583)
10:54:21.050 [Thread-1] ERROR Orchestrator.Orchestrator -- Event queue was interrupted
java.lang.InterruptedException: null
	at EventBus.EventQueue.take(EventQueue.java:58)
	at Orchestrator.Orchestrator.start(Orchestrator.java:78)
	at Orchestrator.OrchestratorTests.lambda$runOrchestratorInThread$0(OrchestratorTests.java:71)
	at java.base/java.lang.Thread.run(Thread.java:1583)
10:54:21.050 [Thread-1] ERROR Orchestrator.Orchestrator -- Event queue was interrupted
java.lang.InterruptedException: null
	at EventBus.EventQueue.take(EventQueue.java:58)
	at Orchestrator.Orchestrator.start(Orchestrator.java:78)
	at Orchestrator.OrchestratorTests.lambda$runOrchestratorInThread$0(OrchestratorTests.java:71)
	at java.base/java.lang.Thread.run(Thread.java:1583)
10:54:21.050 [Thread-1] ERROR Orchestrator.Orchestrator -- Event queue was interrupted
java.lang.InterruptedException: null
	at EventBus.EventQueue.take(EventQueue.java:58)
	at Orchestrator.Orchestrator.start(Orchestrator.java:78)
	at Orchestrator.OrchestratorTests.lambda$runOrchestratorInThread$0(OrchestratorTests.java:71)
	at java.base/java.lang.Thread.run(Thread.java:1583)
10:54:21.051 [Thread-1] ERROR Orchestrator.Orchestrator -- Event queue was interrupted
java.lang.InterruptedException: null
	at EventBus.EventQueue.take(EventQueue.java:58)
	at Orchestrator.Orchestrator.start(Orchestrator.java:78)
	at Orchestrator.OrchestratorTests.lambda$runOrchestratorInThread$0(OrchestratorTests.java:71)
	at java.base/java.lang.Thread.run(Thread.java:1583)
10:54:21.051 [Thread-1] ERROR Orchestrator.Orchestrator -- Event queue was interrupted
java.lang.InterruptedException: null
	at EventBus.EventQueue.take(EventQueue.java:58)
	at Orchestrator.Orchestrator.start(Orchestrator.java:78)
	at Orchestrator.OrchestratorTests.lambda$runOrchestratorInThread$0(OrchestratorTests.java:71)
	at java.base/java.lang.Thread.run(Thread.java:1583)
10:54:21.051 [Thread-1] ERROR Orchestrator.Orchestrator -- Event queue was interrupted
java.lang.InterruptedException: null
	at EventBus.EventQueue.take(EventQueue.java:58)
	at Orchestrator.Orchestrator.start(Orchestrator.java:78)
	at Orchestrator.OrchestratorTests.lambda$runOrchestratorInThread$0(OrchestratorTests.java:71)
	at java.base/java.lang.Thread.run(Thread.java:1583)
10:54:21.051 [Thread-1] ERROR Orchestrator.Orchestrator -- Event queue was interrupted
java.lang.InterruptedException: null
	at EventBus.EventQueue.take(EventQueue.java:58)
	at Orchestrator.Orchestrator.start(Orchestrator.java:78)
	at Orchestrator.OrchestratorTests.lambda$runOrchestratorInThread$0(OrchestratorTests.java:71)
	at java.base/java.lang.Thread.run(Thread.java:1583)
10:54:21.051 [Thread-1] ERROR Orchestrator.Orchestrator -- Event queue was interrupted
java.lang.InterruptedException: null
	at EventBus.EventQueue.take(EventQueue.java:58)
	at Orchestrator.Orchestrator.start(Orchestrator.java:78)
	at Orchestrator.OrchestratorTests.lambda$runOrchestratorInThread$0(OrchestratorTests.java:71)
	at java.base/java.lang.Thread.run(Thread.java:1583)
10:54:21.051 [Thread-1] ERROR Orchestrator.Orchestrator -- Event queue was interrupted
java.lang.InterruptedException: null
	at EventBus.EventQueue.take(EventQueue.java:58)
	at Orchestrator.Orchestrator.start(Orchestrator.java:78)
	at Orchestrator.OrchestratorTests.lambda$runOrchestratorInThread$0(OrchestratorTests.java:71)
	at java.base/java.lang.Thread.run(Thread.java:1583)
10:54:21.051 [Thread-1] ERROR Orchestrator.Orchestrator -- Event queue was interrupted
java.lang.InterruptedException: null
	at EventBus.EventQueue.take(EventQueue.java:58)
	at Orchestrator.Orchestrator.start(Orchestrator.java:78)
	at Orchestrator.OrchestratorTests.lambda$runOrchestratorInThread$0(OrchestratorTests.java:71)
	at java.base/java.lang.Thread.run(Thread.java:1583)
10:54:21.051 [Thread-1] ERROR Orchestrator.Orchestrator -- Event queue was interrupted
java.lang.InterruptedException: null
	at EventBus.EventQueue.take(EventQueue.java:58)
	at Orchestrator.Orchestrator.start(Orchestrator.java:78)
	at Orchestrator.OrchestratorTests.lambda$runOrchestratorInThread$0(OrchestratorTests.java:71)
	at java.base/java.lang.Thread.run(Thread.java:1583)
10:54:21.051 [Thread-1] ERROR Orchestrator.Orchestrator -- Event queue was interrupted
java.lang.InterruptedException: null
	at EventBus.EventQueue.take(EventQueue.java:58)
	at Orchestrator.Orchestrator.start(Orchestrator.java:78)
	at Orchestrator.OrchestratorTests.lambda$runOrchestratorInThread$0(OrchestratorTests.java:71)
	at java.base/java.lang.Thread.run(Thread.java:1583)
10:54:21.051 [Thread-1] ERROR Orchestrator.Orchestrator -- Event queue was interrupted
java.lang.InterruptedException: null
	at EventBus.EventQueue.take(EventQueue.java:58)
	at Orchestrator.Orchestrator.start(Orchestrator.java:78)
	at Orchestrator.OrchestratorTests.lambda$runOrchestratorInThread$0(OrchestratorTests.java:71)
	at java.base/java.lang.Thread.run(Thread.java:1583)
10:54:21.051 [Thread-1] ERROR Orchestrator.Orchestrator -- Event queue was interrupted
java.lang.InterruptedException: null
	at EventBus.EventQueue.take(EventQueue.java:58)
	at Orchestrator.Orchestrator.start(Orchestrator.java:78)
	at Orchestrator.OrchestratorTests.lambda$runOrchestratorInThread$0(OrchestratorTests.java:71)
	at java.base/java.lang.Thread.run(Thread.java:1583)
10:54:21.051 [Thread-1] ERROR Orchestrator.Orchestrator -- Event queue was interrupted
java.lang.InterruptedException: null
	at EventBus.EventQueue.take(EventQueue.java:58)
	at Orchestrator.Orchestrator.start(Orchestrator.java:78)
	at Orchestrator.OrchestratorTests.lambda$runOrchestratorInThread$0(OrchestratorTests.java:71)
	at java.base/java.lang.Thread.run(Thread.java:1583)
10:54:21.051 [Thread-1] ERROR Orchestrator.Orchestrator -- Event queue was interrupted
java.lang.InterruptedException: null
	at EventBus.EventQueue.take(EventQueue.java:58)
	at Orchestrator.Orchestrator.start(Orchestrator.java:78)
	at Orchestrator.OrchestratorTests.lambda$runOrchestratorInThread$0(OrchestratorTests.java:71)
	at java.base/java.lang.Thread.run(Thread.java:1583)
10:54:21.051 [Thread-1] ERROR Orchestrator.Orchestrator -- Event queue was interrupted
java.lang.InterruptedException: null
	at EventBus.EventQueue.take(EventQueue.java:58)
	at Orchestrator.Orchestrator.start(Orchestrator.java:78)
	at Orchestrator.OrchestratorTests.lambda$runOrchestratorInThread$0(OrchestratorTests.java:71)
	at java.base/java.lang.Thread.run(Thread.java:1583)
10:54:21.051 [Thread-1] ERROR Orchestrator.Orchestrator -- Event queue was interrupted
java.lang.InterruptedException: null
	at EventBus.EventQueue.take(EventQueue.java:58)
	at Orchestrator.Orchestrator.start(Orchestrator.java:78)
	at Orchestrator.OrchestratorTests.lambda$runOrchestratorInThread$0(OrchestratorTests.java:71)
	at java.base/java.lang.Thread.run(Thread.java:1583)
10:54:21.051 [Thread-1] ERROR Orchestrator.Orchestrator -- Event queue was interrupted
java.lang.InterruptedException: null
	at EventBus.EventQueue.take(EventQueue.java:58)
	at Orchestrator.Orchestrator.start(Orchestrator.java:78)
	at Orchestrator.OrchestratorTests.lambda$runOrchestratorInThread$0(OrchestratorTests.java:71)
	at java.base/java.lang.Thread.run(Thread.java:1583)
10:54:21.051 [Thread-1] ERROR Orchestrator.Orchestrator -- Event queue was interrupted
java.lang.InterruptedException: null
	at EventBus.EventQueue.take(EventQueue.java:58)
	at Orchestrator.Orchestrator.start(Orchestrator.java:78)
	at Orchestrator.OrchestratorTests.lambda$runOrchestratorInThread$0(OrchestratorTests.java:71)
	at java.base/java.lang.Thread.run(Thread.java:1583)
10:54:21.051 [Thread-1] ERROR Orchestrator.Orchestrator -- Event queue was interrupted
java.lang.InterruptedException: null
	at EventBus.EventQueue.take(EventQueue.java:58)
	at Orchestrator.Orchestrator.start(Orchestrator.java:78)
	at Orchestrator.OrchestratorTests.lambda$runOrchestratorInThread$0(OrchestratorTests.java:71)
	at java.base/java.lang.Thread.run(Thread.java:1583)
10:54:21.051 [Thread-1] ERROR Orchestrator.Orchestrator -- Event queue was interrupted
java.lang.InterruptedException: null
	at EventBus.EventQueue.take(EventQueue.java:58)
	at Orchestrator.Orchestrator.start(Orchestrator.java:78)
	at Orchestrator.OrchestratorTests.lambda$runOrchestratorInThread$0(OrchestratorTests.java:71)
	at java.base/java.lang.Thread.run(Thread.java:1583)
10:54:21.051 [Thread-1] ERROR Orchestrator.Orchestrator -- Event queue was interrupted
java.lang.InterruptedException: null
	at EventBus.EventQueue.take(EventQueue.java:58)
	at Orchestrator.Orchestrator.start(Orchestrator.java:78)
	at Orchestrator.OrchestratorTests.lambda$runOrchestratorInThread$0(OrchestratorTests.java:71)
	at java.base/java.lang.Thread.run(Thread.java:1583)
10:54:21.051 [Thread-1] ERROR Orchestrator.Orchestrator -- Event queue was interrupted
java.lang.InterruptedException: null
	at EventBus.EventQueue.take(EventQueue.java:58)
	at Orchestrator.Orchestrator.start(Orchestrator.java:78)
	at Orchestrator.OrchestratorTests.lambda$runOrchestratorInThread$0(OrchestratorTests.java:71)
	at java.base/java.lang.Thread.run(Thread.java:1583)
10:54:21.052 [Thread-1] ERROR Orchestrator.Orchestrator -- Event queue was interrupted
java.lang.InterruptedException: null
	at EventBus.EventQueue.take(EventQueue.java:58)
	at Orchestrator.Orchestrator.start(Orchestrator.java:78)
	at Orchestrator.OrchestratorTests.lambda$runOrchestratorInThread$0(OrchestratorTests.java:71)
	at java.base/java.lang.Thread.run(Thread.java:1583)
10:54:21.052 [Thread-1] ERROR Orchestrator.Orchestrator -- Event queue was interrupted
java.lang.InterruptedException: null
	at EventBus.EventQueue.take(EventQueue.java:58)
	at Orchestrator.Orchestrator.start(Orchestrator.java:78)
	at Orchestrator.OrchestratorTests.lambda$runOrchestratorInThread$0(OrchestratorTests.java:71)
	at java.base/java.lang.Thread.run(Thread.java:1583)
10:54:21.052 [Thread-1] ERROR Orchestrator.Orchestrator -- Event queue was interrupted
java.lang.InterruptedException: null
	at EventBus.EventQueue.take(EventQueue.java:58)
	at Orchestrator.Orchestrator.start(Orchestrator.java:78)
	at Orchestrator.OrchestratorTests.lambda$runOrchestratorInThread$0(OrchestratorTests.java:71)
	at java.base/java.lang.Thread.run(Thread.java:1583)
10:54:21.052 [Thread-1] ERROR Orchestrator.Orchestrator -- Event queue was interrupted
java.lang.InterruptedException: null
	at EventBus.EventQueue.take(EventQueue.java:58)
	at Orchestrator.Orchestrator.start(Orchestrator.java:78)
	at Orchestrator.OrchestratorTests.lambda$runOrchestratorInThread$0(OrchestratorTests.java:71)
	at java.base/java.lang.Thread.run(Thread.java:1583)
10:54:21.052 [Thread-1] ERROR Orchestrator.Orchestrator -- Event queue was interrupted
java.lang.InterruptedException: null
	at EventBus.EventQueue.take(EventQueue.java:58)
	at Orchestrator.Orchestrator.start(Orchestrator.java:78)
	at Orchestrator.OrchestratorTests.lambda$runOrchestratorInThread$0(OrchestratorTests.java:71)
	at java.base/java.lang.Thread.run(Thread.java:1583)
10:54:21.052 [Thread-1] ERROR Orchestrator.Orchestrator -- Event queue was interrupted
java.lang.InterruptedException: null
	at EventBus.EventQueue.take(EventQueue.java:58)
	at Orchestrator.Orchestrator.start(Orchestrator.java:78)
	at Orchestrator.OrchestratorTests.lambda$runOrchestratorInThread$0(OrchestratorTests.java:71)
	at java.base/java.lang.Thread.run(Thread.java:1583)
10:54:21.052 [Thread-1] ERROR Orchestrator.Orchestrator -- Event queue was interrupted
java.lang.InterruptedException: null
	at EventBus.EventQueue.take(EventQueue.java:58)
	at Orchestrator.Orchestrator.start(Orchestrator.java:78)
	at Orchestrator.OrchestratorTests.lambda$runOrchestratorInThread$0(OrchestratorTests.java:71)
	at java.base/java.lang.Thread.run(Thread.java:1583)
10:54:21.052 [Thread-1] ERROR Orchestrator.Orchestrator -- Event queue was interrupted
java.lang.InterruptedException: null
	at EventBus.EventQueue.take(EventQueue.java:58)
	at Orchestrator.Orchestrator.start(Orchestrator.java:78)
	at Orchestrator.OrchestratorTests.lambda$runOrchestratorInThread$0(OrchestratorTests.java:71)
	at java.base/java.lang.Thread.run(Thread.java:1583)
10:54:21.052 [Thread-1] ERROR Orchestrator.Orchestrator -- Event queue was interrupted
java.lang.InterruptedException: null
	at EventBus.EventQueue.take(EventQueue.java:58)
	at Orchestrator.Orchestrator.start(Orchestrator.java:78)
	at Orchestrator.OrchestratorTests.lambda$runOrchestratorInThread$0(OrchestratorTests.java:71)
	at java.base/java.lang.Thread.run(Thread.java:1583)
10:54:21.052 [Thread-1] ERROR Orchestrator.Orchestrator -- Event queue was interrupted
java.lang.InterruptedException: null
	at EventBus.EventQueue.take(EventQueue.java:58)
	at Orchestrator.Orchestrator.start(Orchestrator.java:78)
	at Orchestrator.OrchestratorTests.lambda$runOrchestratorInThread$0(OrchestratorTests.java:71)
	at java.base/java.lang.Thread.run(Thread.java:1583)
10:54:21.052 [Thread-1] ERROR Orchestrator.Orchestrator -- Event queue was interrupted
java.lang.InterruptedException: null
	at EventBus.EventQueue.take(EventQueue.java:58)
	at Orchestrator.Orchestrator.start(Orchestrator.java:78)
	at Orchestrator.OrchestratorTests.lambda$runOrchestratorInThread$0(OrchestratorTests.java:71)
	at java.base/java.lang.Thread.run(Thread.java:1583)
10:54:21.052 [Thread-1] ERROR Orchestrator.Orchestrator -- Event queue was interrupted
java.lang.InterruptedException: null
	at EventBus.EventQueue.take(EventQueue.java:58)
	at Orchestrator.Orchestrator.start(Orchestrator.java:78)
	at Orchestrator.OrchestratorTests.lambda$runOrchestratorInThread$0(OrchestratorTests.java:71)
	at java.base/java.lang.Thread.run(Thread.java:1583)
10:54:21.052 [Thread-1] ERROR Orchestrator.Orchestrator -- Event queue was interrupted
java.lang.InterruptedException: null
	at EventBus.EventQueue.take(EventQueue.java:58)
	at Orchestrator.Orchestrator.start(Orchestrator.java:78)
	at Orchestrator.OrchestratorTests.lambda$runOrchestratorInThread$0(OrchestratorTests.java:71)
	at java.base/java.lang.Thread.run(Thread.java:1583)
10:54:21.052 [Thread-1] ERROR Orchestrator.Orchestrator -- Event queue was interrupted
java.lang.InterruptedException: null
	at EventBus.EventQueue.take(EventQueue.java:58)
	at Orchestrator.Orchestrator.start(Orchestrator.java:78)
	at Orchestrator.OrchestratorTests.lambda$runOrchestratorInThread$0(OrchestratorTests.java:71)
	at java.base/java.lang.Thread.run(Thread.java:1583)
10:54:21.052 [Thread-1] ERROR Orchestrator.Orchestrator -- Event queue was interrupted
java.lang.InterruptedException: null
	at EventBus.EventQueue.take(EventQueue.java:58)
	at Orchestrator.Orchestrator.start(Orchestrator.java:78)
	at Orchestrator.OrchestratorTests.lambda$runOrchestratorInThread$0(OrchestratorTests.java:71)
	at java.base/java.lang.Thread.run(Thread.java:1583)
10:54:21.052 [Thread-1] ERROR Orchestrator.Orchestrator -- Event queue was interrupted
java.lang.InterruptedException: null
	at EventBus.EventQueue.take(EventQueue.java:58)
	at Orchestrator.Orchestrator.start(Orchestrator.java:78)
	at Orchestrator.OrchestratorTests.lambda$runOrchestratorInThread$0(OrchestratorTests.java:71)
	at java.base/java.lang.Thread.run(Thread.java:1583)
10:54:21.052 [Thread-1] ERROR Orchestrator.Orchestrator -- Event queue was interrupted
java.lang.InterruptedException: null
	at EventBus.EventQueue.take(EventQueue.java:58)
	at Orchestrator.Orchestrator.start(Orchestrator.java:78)
	at Orchestrator.OrchestratorTests.lambda$runOrchestratorInThread$0(OrchestratorTests.java:71)
	at java.base/java.lang.Thread.run(Thread.java:1583)
10:54:21.052 [Thread-1] ERROR Orchestrator.Orchestrator -- Event queue was interrupted
java.lang.InterruptedException: null
	at EventBus.EventQueue.take(EventQueue.java:58)
	at Orchestrator.Orchestrator.start(Orchestrator.java:78)
	at Orchestrator.OrchestratorTests.lambda$runOrchestratorInThread$0(OrchestratorTests.java:71)
	at java.base/java.lang.Thread.run(Thread.java:1583)
10:54:21.052 [Thread-1] ERROR Orchestrator.Orchestrator -- Event queue was interrupted
java.lang.InterruptedException: null
	at EventBus.EventQueue.take(EventQueue.java:58)
	at Orchestrator.Orchestrator.start(Orchestrator.java:78)
	at Orchestrator.OrchestratorTests.lambda$runOrchestratorInThread$0(OrchestratorTests.java:71)
	at java.base/java.lang.Thread.run(Thread.java:1583)
10:54:21.052 [Thread-1] ERROR Orchestrator.Orchestrator -- Event queue was interrupted
java.lang.InterruptedException: null
	at EventBus.EventQueue.take(EventQueue.java:58)
	at Orchestrator.Orchestrator.start(Orchestrator.java:78)
	at Orchestrator.OrchestratorTests.lambda$runOrchestratorInThread$0(OrchestratorTests.java:71)
	at java.base/java.lang.Thread.run(Thread.java:1583)
10:54:21.052 [Thread-1] ERROR Orchestrator.Orchestrator -- Event queue was interrupted
java.lang.InterruptedException: null
	at EventBus.EventQueue.take(EventQueue.java:58)
	at Orchestrator.Orchestrator.start(Orchestrator.java:78)
	at Orchestrator.OrchestratorTests.lambda$runOrchestratorInThread$0(OrchestratorTests.java:71)
	at java.base/java.lang.Thread.run(Thread.java:1583)
10:54:21.052 [Thread-1] ERROR Orchestrator.Orchestrator -- Event queue was interrupted
java.lang.InterruptedException: null
	at EventBus.EventQueue.take(EventQueue.java:58)
	at Orchestrator.Orchestrator.start(Orchestrator.java:78)
	at Orchestrator.OrchestratorTests.lambda$runOrchestratorInThread$0(OrchestratorTests.java:71)
	at java.base/java.lang.Thread.run(Thread.java:1583)
10:54:21.052 [Thread-1] ERROR Orchestrator.Orchestrator -- Event queue was interrupted
java.lang.InterruptedException: null
	at EventBus.EventQueue.take(EventQueue.java:58)
	at Orchestrator.Orchestrator.start(Orchestrator.java:78)
	at Orchestrator.OrchestratorTests.lambda$runOrchestratorInThread$0(OrchestratorTests.java:71)
	at java.base/java.lang.Thread.run(Thread.java:1583)
10:54:21.053 [Thread-1] ERROR Orchestrator.Orchestrator -- Event queue was interrupted
java.lang.InterruptedException: null
	at EventBus.EventQueue.take(EventQueue.java:58)
	at Orchestrator.Orchestrator.start(Orchestrator.java:78)
[...]
10:54:21.243 [Thread-2] ERROR Orchestrator.Orchestrator -- Event queue was interrupted
java.lang.InterruptedException: null
	at EventBus.EventQueue.take(EventQueue.java:58)
	at Orchestrator.Orchestrator.start(Orchestrator.java:78)
	at Orchestrator.OrchestratorTests.lambda$runOrchestratorInThread$0(OrchestratorTests.java:71)
	at java.base/java.lang.Thread.run(Thread.java:1583)
10:54:21.243 [Thread-1] ERROR Orchestrator.Orchestrator -- Event queue was interrupted
java.lang.InterruptedException: null
	at EventBus.EventQueue.take(EventQueue.java:58)
	at Orchestrator.Orchestrator.start(Orchestrator.java:78)
	at Orchestrator.OrchestratorTests.lambda$runOrchestratorInThread$0(OrchestratorTests.java:71)
	at java.base/java.lang.Thread.run(Thread.java:1583)
10:54:21.236 [main] INFO Orchestrator.InitiativeService -- Plan received from LLM: A good plan
10:54:21.243 [main] INFO Orchestrator.InitiativeService -- Step 3: Executing plan...
10:54:21.243 [Thread-1] ERROR Orchestrator.Orchestrator -- Event queue was interrupted
java.lang.InterruptedException: null
	at EventBus.EventQueue.take(EventQueue.java:58)
	at Orchestrator.Orchestrator.start(Orchestrator.java:78)
	at Orchestrator.OrchestratorTests.lambda$runOrchestratorInThread$0(OrchestratorTests.java:71)
	at java.base/java.lang.Thread.run(Thread.java:1583)
10:54:21.243 [main] INFO Orchestrator.InitiativeService -- Execution results: {action1=ActionResult{success=true, message='Action succeeded'}}
10:54:21.243 [main] INFO Orchestrator.InitiativeService -- Step 4: Updating state...
10:54:21.243 [Thread-1] ERROR Orchestrator.Orchestrator -- Event queue was interrupted
java.lang.InterruptedException: null
	at EventBus.EventQueue.take(EventQueue.java:58)
	at Orchestrator.Orchestrator.start(Orchestrator.java:78)
	at Orchestrator.OrchestratorTests.lambda$runOrchestratorInThread$0(OrchestratorTests.java:71)
	at java.base/java.lang.Thread.run(Thread.java:1583)
10:54:21.244 [Thread-1] ERROR Orchestrator.Orchestrator -- Event queue was interrupted
java.lang.InterruptedException: null
	at EventBus.EventQueue.take(EventQueue.java:58)
	at Orchestrator.Orchestrator.start(Orchestrator.java:78)
	at Orchestrator.OrchestratorTests.lambda$runOrchestratorInThread$0(OrchestratorTests.java:71)
	at java.base/java.lang.Thread.run(Thread.java:1583)
10:54:21.244 [Thread-1] ERROR Orchestrator.Orchestrator -- Event queue was interrupted
java.lang.InterruptedException: null
	at EventBus.EventQueue.take(EventQueue.java:58)
	at Orchestrator.Orchestrator.start(Orchestrator.java:78)
	at Orchestrator.OrchestratorTests.lambda$runOrchestratorInThread$0(OrchestratorTests.java:71)
	at java.base/java.lang.Thread.run(Thread.java:1583)
10:54:21.243 [Thread-2] ERROR Orchestrator.Orchestrator -- Event queue was interrupted
java.lang.InterruptedException: null
	at EventBus.EventQueue.take(EventQueue.java:58)
	at Orchestrator.Orchestrator.start(Orchestrator.java:78)
	at Orchestrator.OrchestratorTests.lambda$runOrchestratorInThread$0(OrchestratorTests.java:71)
	at java.base/java.lang.Thread.run(Thread.java:1583)
10:54:21.244 [main] INFO Orchestrator.InitiativeService -- Initiative 'null' was satisfied successfully.
10:54:21.246 [main] INFO Orchestrator.InitiativeService -- Desire desire-1 updated in database with status SATISFIED
10:54:21.246 [Thread-2] ERROR Orchestrator.Orchestrator -- Event queue was interrupted
java.lang.InterruptedException: null
	at EventBus.EventQueue.take(EventQueue.java:58)
	at Orchestrator.Orchestrator.start(Orchestrator.java:78)
	at Orchestrator.OrchestratorTests.lambda$runOrchestratorInThread$0(OrchestratorTests.java:71)
	at java.base/java.lang.Thread.run(Thread.java:1583)
10:54:21.246 [Thread-2] ERROR Orchestrator.Orchestrator -- Event queue was interrupted
java.lang.InterruptedException: null
	at EventBus.EventQueue.take(EventQueue.java:58)
	at Orchestrator.Orchestrator.start(Orchestrator.java:78)
	at Orchestrator.OrchestratorTests.lambda$runOrchestratorInThread$0(OrchestratorTests.java:71)
	at java.base/java.lang.Thread.run(Thread.java:1583)
10:54:21.246 [Thread-2] ERROR Orchestrator.Orchestrator -- Event queue was interrupted
java.lang.InterruptedException: null
	at EventBus.EventQueue.take(EventQueue.java:58)
	at Orchestrator.Orchestrator.start(Orchestrator.java:78)
	at Orchestrator.OrchestratorTests.lambda$runOrchestratorInThread$0(OrchestratorTests.java:71)
	at java.base/java.lang.Thread.run(Thread.java:1583)
10:54:21.247 [Thread-1] ERROR Orchestrator.Orchestrator -- Event queue was interrupted
java.lang.InterruptedException: null
	at EventBus.EventQueue.take(EventQueue.java:58)
	at Orchestrator.Orchestrator.start(Orchestrator.java:78)
	at Orchestrator.OrchestratorTests.lambda$runOrchestratorInThread$0(OrchestratorTests.java:71)
	at java.base/java.lang.Thread.run(Thread.java:1583)
10:54:21.247 [Thread-1] ERROR Orchestrator.Orchestrator -- Event queue was interrupted
java.lang.InterruptedException: null
	at EventBus.EventQueue.take(EventQueue.java:58)
	at Orchestrator.Orchestrator.start(Orchestrator.java:78)
	at Orchestrator.OrchestratorTests.lambda$runOrchestratorInThread$0(OrchestratorTests.java:71)
	at java.base/java.lang.Thread.run(Thread.java:1583)
]]></system-out>
  </testcase>
  <testcase name="testProcessInitiative_PlanExecutionFails" classname="Orchestrator.InitiativeServiceTest" time="0.016">
    <system-out><![CDATA[10:54:21.247 [Thread-1] ERROR Orchestrator.Orchestrator -- Event queue was interrupted
java.lang.InterruptedException: null
	at EventBus.EventQueue.take(EventQueue.java:58)
	at Orchestrator.Orchestrator.start(Orchestrator.java:78)
	at Orchestrator.OrchestratorTests.lambda$runOrchestratorInThread$0(OrchestratorTests.java:71)
	at java.base/java.lang.Thread.run(Thread.java:1583)
10:54:21.253 [Thread-1] ERROR Orchestrator.Orchestrator -- Event queue was interrupted
java.lang.InterruptedException: null
	at EventBus.EventQueue.take(EventQueue.java:58)
	at Orchestrator.Orchestrator.start(Orchestrator.java:78)
	at Orchestrator.OrchestratorTests.lambda$runOrchestratorInThread$0(OrchestratorTests.java:71)
	at java.base/java.lang.Thread.run(Thread.java:1583)
10:54:21.253 [Thread-1] ERROR Orchestrator.Orchestrator -- Event queue was interrupted
java.lang.InterruptedException: null
	at EventBus.EventQueue.take(EventQueue.java:58)
	at Orchestrator.Orchestrator.start(Orchestrator.java:78)
	at Orchestrator.OrchestratorTests.lambda$runOrchestratorInThread$0(OrchestratorTests.java:71)
	at java.base/java.lang.Thread.run(Thread.java:1583)
10:54:21.254 [Thread-1] ERROR Orchestrator.Orchestrator -- Event queue was interrupted
java.lang.InterruptedException: null
	at EventBus.EventQueue.take(EventQueue.java:58)
	at Orchestrator.Orchestrator.start(Orchestrator.java:78)
	at Orchestrator.OrchestratorTests.lambda$runOrchestratorInThread$0(OrchestratorTests.java:71)
	at java.base/java.lang.Thread.run(Thread.java:1583)
10:54:21.254 [Thread-1] ERROR Orchestrator.Orchestrator -- Event queue was interrupted
java.lang.InterruptedException: null
	at EventBus.EventQueue.take(EventQueue.java:58)
	at Orchestrator.Orchestrator.start(Orchestrator.java:78)
	at Orchestrator.OrchestratorTests.lambda$runOrchestratorInThread$0(OrchestratorTests.java:71)
	at java.base/java.lang.Thread.run(Thread.java:1583)
10:54:21.254 [Thread-1] ERROR Orchestrator.Orchestrator -- Event queue was interrupted
java.lang.InterruptedException: null
	at EventBus.EventQueue.take(EventQueue.java:58)
	at Orchestrator.Orchestrator.start(Orchestrator.java:78)
	at Orchestrator.OrchestratorTests.lambda$runOrchestratorInThread$0(OrchestratorTests.java:71)
	at java.base/java.lang.Thread.run(Thread.java:1583)
10:54:21.255 [Thread-1] ERROR Orchestrator.Orchestrator -- Event queue was interrupted
java.lang.InterruptedException: null
	at EventBus.EventQueue.take(EventQueue.java:58)
	at Orchestrator.Orchestrator.start(Orchestrator.java:78)
	at Orchestrator.OrchestratorTests.lambda$runOrchestratorInThread$0(OrchestratorTests.java:71)
	at java.base/java.lang.Thread.run(Thread.java:1583)
10:54:21.255 [Thread-1] ERROR Orchestrator.Orchestrator -- Event queue was interrupted
java.lang.InterruptedException: null
	at EventBus.EventQueue.take(EventQueue.java:58)
	at Orchestrator.Orchestrator.start(Orchestrator.java:78)
	at Orchestrator.OrchestratorTests.lambda$runOrchestratorInThread$0(OrchestratorTests.java:71)
	at java.base/java.lang.Thread.run(Thread.java:1583)
10:54:21.255 [Thread-1] ERROR Orchestrator.Orchestrator -- Event queue was interrupted
java.lang.InterruptedException: null
	at EventBus.EventQueue.take(EventQueue.java:58)
	at Orchestrator.Orchestrator.start(Orchestrator.java:78)
	at Orchestrator.OrchestratorTests.lambda$runOrchestratorInThread$0(OrchestratorTests.java:71)
	at java.base/java.lang.Thread.run(Thread.java:1583)
10:54:21.256 [Thread-1] ERROR Orchestrator.Orchestrator -- Event queue was interrupted
java.lang.InterruptedException: null
	at EventBus.EventQueue.take(EventQueue.java:58)
	at Orchestrator.Orchestrator.start(Orchestrator.java:78)
	at Orchestrator.OrchestratorTests.lambda$runOrchestratorInThread$0(OrchestratorTests.java:71)
	at java.base/java.lang.Thread.run(Thread.java:1583)
10:54:21.256 [Thread-1] ERROR Orchestrator.Orchestrator -- Event queue was interrupted
java.lang.InterruptedException: null
	at EventBus.EventQueue.take(EventQueue.java:58)
	at Orchestrator.Orchestrator.start(Orchestrator.java:78)
	at Orchestrator.OrchestratorTests.lambda$runOrchestratorInThread$0(OrchestratorTests.java:71)
	at java.base/java.lang.Thread.run(Thread.java:1583)
10:54:21.256 [Thread-1] ERROR Orchestrator.Orchestrator -- Event queue was interrupted
java.lang.InterruptedException: null
	at EventBus.EventQueue.take(EventQueue.java:58)
	at Orchestrator.Orchestrator.start(Orchestrator.java:78)
	at Orchestrator.OrchestratorTests.lambda$runOrchestratorInThread$0(OrchestratorTests.java:71)
	at java.base/java.lang.Thread.run(Thread.java:1583)
10:54:21.256 [Thread-1] ERROR Orchestrator.Orchestrator -- Event queue was interrupted
java.lang.InterruptedException: null
	at EventBus.EventQueue.take(EventQueue.java:58)
	at Orchestrator.Orchestrator.start(Orchestrator.java:78)
	at Orchestrator.OrchestratorTests.lambda$runOrchestratorInThread$0(OrchestratorTests.java:71)
	at java.base/java.lang.Thread.run(Thread.java:1583)
10:54:21.257 [Thread-1] ERROR Orchestrator.Orchestrator -- Event queue was interrupted
java.lang.InterruptedException: null
	at EventBus.EventQueue.take(EventQueue.java:58)
	at Orchestrator.Orchestrator.start(Orchestrator.java:78)
	at Orchestrator.OrchestratorTests.lambda$runOrchestratorInThread$0(OrchestratorTests.java:71)
	at java.base/java.lang.Thread.run(Thread.java:1583)
10:54:21.257 [Thread-1] ERROR Orchestrator.Orchestrator -- Event queue was interrupted
java.lang.InterruptedException: null
	at EventBus.EventQueue.take(EventQueue.java:58)
	at Orchestrator.Orchestrator.start(Orchestrator.java:78)
	at Orchestrator.OrchestratorTests.lambda$runOrchestratorInThread$0(OrchestratorTests.java:71)
	at java.base/java.lang.Thread.run(Thread.java:1583)
10:54:21.257 [Thread-1] ERROR Orchestrator.Orchestrator -- Event queue was interrupted
java.lang.InterruptedException: null
	at EventBus.EventQueue.take(EventQueue.java:58)
	at Orchestrator.Orchestrator.start(Orchestrator.java:78)
	at Orchestrator.OrchestratorTests.lambda$runOrchestratorInThread$0(OrchestratorTests.java:71)
	at java.base/java.lang.Thread.run(Thread.java:1583)
10:54:21.258 [Thread-1] ERROR Orchestrator.Orchestrator -- Event queue was interrupted
java.lang.InterruptedException: null
	at EventBus.EventQueue.take(EventQueue.java:58)
	at Orchestrator.Orchestrator.start(Orchestrator.java:78)
	at Orchestrator.OrchestratorTests.lambda$runOrchestratorInThread$0(OrchestratorTests.java:71)
	at java.base/java.lang.Thread.run(Thread.java:1583)
10:54:21.258 [Thread-1] ERROR Orchestrator.Orchestrator -- Event queue was interrupted
java.lang.InterruptedException: null
	at EventBus.EventQueue.take(EventQueue.java:58)
	at Orchestrator.Orchestrator.start(Orchestrator.java:78)
	at Orchestrator.OrchestratorTests.lambda$runOrchestratorInThread$0(OrchestratorTests.java:71)
	at java.base/java.lang.Thread.run(Thread.java:1583)
10:54:21.258 [Thread-1] ERROR Orchestrator.Orchestrator -- Event queue was interrupted
java.lang.InterruptedException: null
	at EventBus.EventQueue.take(EventQueue.java:58)
	at Orchestrator.Orchestrator.start(Orchestrator.java:78)
	at Orchestrator.OrchestratorTests.lambda$runOrchestratorInThread$0(OrchestratorTests.java:71)
	at java.base/java.lang.Thread.run(Thread.java:1583)
10:54:21.247 [Thread-2] ERROR Orchestrator.Orchestrator -- Event queue was interrupted
java.lang.InterruptedException: null
	at EventBus.EventQueue.take(EventQueue.java:58)
	at Orchestrator.Orchestrator.start(Orchestrator.java:78)
	at Orchestrator.OrchestratorTests.lambda$runOrchestratorInThread$0(OrchestratorTests.java:71)
	at java.base/java.lang.Thread.run(Thread.java:1583)
10:54:21.259 [Thread-2] ERROR Orchestrator.Orchestrator -- Event queue was interrupted
java.lang.InterruptedException: null
	at EventBus.EventQueue.take(EventQueue.java:58)
	at Orchestrator.Orchestrator.start(Orchestrator.java:78)
	at Orchestrator.OrchestratorTests.lambda$runOrchestratorInThread$0(OrchestratorTests.java:71)
	at java.base/java.lang.Thread.run(Thread.java:1583)
10:54:21.259 [Thread-2] ERROR Orchestrator.Orchestrator -- Event queue was interrupted
java.lang.InterruptedException: null
	at EventBus.EventQueue.take(EventQueue.java:58)
	at Orchestrator.Orchestrator.start(Orchestrator.java:78)
	at Orchestrator.OrchestratorTests.lambda$runOrchestratorInThread$0(OrchestratorTests.java:71)
	at java.base/java.lang.Thread.run(Thread.java:1583)
10:54:21.259 [Thread-2] ERROR Orchestrator.Orchestrator -- Event queue was interrupted
java.lang.InterruptedException: null
	at EventBus.EventQueue.take(EventQueue.java:58)
	at Orchestrator.Orchestrator.start(Orchestrator.java:78)
	at Orchestrator.OrchestratorTests.lambda$runOrchestratorInThread$0(OrchestratorTests.java:71)
	at java.base/java.lang.Thread.run(Thread.java:1583)
10:54:21.260 [Thread-2] ERROR Orchestrator.Orchestrator -- Event queue was interrupted
java.lang.InterruptedException: null
	at EventBus.EventQueue.take(EventQueue.java:58)
	at Orchestrator.Orchestrator.start(Orchestrator.java:78)
	at Orchestrator.OrchestratorTests.lambda$runOrchestratorInThread$0(OrchestratorTests.java:71)
	at java.base/java.lang.Thread.run(Thread.java:1583)
10:54:21.260 [Thread-2] ERROR Orchestrator.Orchestrator -- Event queue was interrupted
java.lang.InterruptedException: null
	at EventBus.EventQueue.take(EventQueue.java:58)
	at Orchestrator.Orchestrator.start(Orchestrator.java:78)
	at Orchestrator.OrchestratorTests.lambda$runOrchestratorInThread$0(OrchestratorTests.java:71)
	at java.base/java.lang.Thread.run(Thread.java:1583)
10:54:21.260 [Thread-2] ERROR Orchestrator.Orchestrator -- Event queue was interrupted
java.lang.InterruptedException: null
	at EventBus.EventQueue.take(EventQueue.java:58)
	at Orchestrator.Orchestrator.start(Orchestrator.java:78)
	at Orchestrator.OrchestratorTests.lambda$runOrchestratorInThread$0(OrchestratorTests.java:71)
	at java.base/java.lang.Thread.run(Thread.java:1583)
10:54:21.260 [Thread-2] ERROR Orchestrator.Orchestrator -- Event queue was interrupted
java.lang.InterruptedException: null
	at EventBus.EventQueue.take(EventQueue.java:58)
	at Orchestrator.Orchestrator.start(Orchestrator.java:78)
	at Orchestrator.OrchestratorTests.lambda$runOrchestratorInThread$0(OrchestratorTests.java:71)
	at java.base/java.lang.Thread.run(Thread.java:1583)
10:54:21.261 [Thread-2] ERROR Orchestrator.Orchestrator -- Event queue was interrupted
java.lang.InterruptedException: null
	at EventBus.EventQueue.take(EventQueue.java:58)
	at Orchestrator.Orchestrator.start(Orchestrator.java:78)
	at Orchestrator.OrchestratorTests.lambda$runOrchestratorInThread$0(OrchestratorTests.java:71)
	at java.base/java.lang.Thread.run(Thread.java:1583)
10:54:21.261 [Thread-2] ERROR Orchestrator.Orchestrator -- Event queue was interrupted
java.lang.InterruptedException: null
	at EventBus.EventQueue.take(EventQueue.java:58)
	at Orchestrator.Orchestrator.start(Orchestrator.java:78)
	at Orchestrator.OrchestratorTests.lambda$runOrchestratorInThread$0(OrchestratorTests.java:71)
	at java.base/java.lang.Thread.run(Thread.java:1583)
10:54:21.261 [main] INFO Orchestrator.InitiativeService -- Processing initiative for desire: null
10:54:21.261 [main] INFO Orchestrator.InitiativeService -- Step 1: Enriching context...
10:54:21.261 [Thread-2] ERROR Orchestrator.Orchestrator -- Event queue was interrupted
java.lang.InterruptedException: null
	at EventBus.EventQueue.take(EventQueue.java:58)
	at Orchestrator.Orchestrator.start(Orchestrator.java:78)
	at Orchestrator.OrchestratorTests.lambda$runOrchestratorInThread$0(OrchestratorTests.java:71)
	at java.base/java.lang.Thread.run(Thread.java:1583)
10:54:21.262 [main] INFO Orchestrator.InitiativeService -- Step 2: Transforming desire into a plan...
10:54:21.262 [Thread-2] ERROR Orchestrator.Orchestrator -- Event queue was interrupted
java.lang.InterruptedException: null
	at EventBus.EventQueue.take(EventQueue.java:58)
	at Orchestrator.Orchestrator.start(Orchestrator.java:78)
	at Orchestrator.OrchestratorTests.lambda$runOrchestratorInThread$0(OrchestratorTests.java:71)
	at java.base/java.lang.Thread.run(Thread.java:1583)
10:54:21.262 [main] INFO Orchestrator.InitiativeService -- Plan received from LLM: A plan that will fail
10:54:21.262 [main] INFO Orchestrator.InitiativeService -- Step 3: Executing plan...
10:54:21.262 [Thread-2] ERROR Orchestrator.Orchestrator -- Event queue was interrupted
java.lang.InterruptedException: null
	at EventBus.EventQueue.take(EventQueue.java:58)
	at Orchestrator.Orchestrator.start(Orchestrator.java:78)
	at Orchestrator.OrchestratorTests.lambda$runOrchestratorInThread$0(OrchestratorTests.java:71)
	at java.base/java.lang.Thread.run(Thread.java:1583)
10:54:21.262 [main] INFO Orchestrator.InitiativeService -- Execution results: {action1=ActionResult{success=false, message='Action failed'}}
10:54:21.262 [main] INFO Orchestrator.InitiativeService -- Step 4: Updating state...
10:54:21.262 [main] WARN Orchestrator.InitiativeService -- Initiative 'null' failed. Setting status back to PENDING.
10:54:21.262 [Thread-2] ERROR Orchestrator.Orchestrator -- Event queue was interrupted
java.lang.InterruptedException: null
	at EventBus.EventQueue.take(EventQueue.java:58)
	at Orchestrator.Orchestrator.start(Orchestrator.java:78)
	at Orchestrator.OrchestratorTests.lambda$runOrchestratorInThread$0(OrchestratorTests.java:71)
	at java.base/java.lang.Thread.run(Thread.java:1583)
10:54:21.262 [main] INFO Orchestrator.InitiativeService -- Desire desire-2 updated in database with status PENDING
10:54:21.267 [Thread-2] ERROR Orchestrator.Orchestrator -- Event queue was interrupted
java.lang.InterruptedException: null
	at EventBus.EventQueue.take(EventQueue.java:58)
	at Orchestrator.Orchestrator.start(Orchestrator.java:78)
	at Orchestrator.OrchestratorTests.lambda$runOrchestratorInThread$0(OrchestratorTests.java:71)
	at java.base/java.lang.Thread.run(Thread.java:1583)
10:54:21.267 [Thread-2] ERROR Orchestrator.Orchestrator -- Event queue was interrupted
java.lang.InterruptedException: null
	at EventBus.EventQueue.take(EventQueue.java:58)
	at Orchestrator.Orchestrator.start(Orchestrator.java:78)
	at Orchestrator.OrchestratorTests.lambda$runOrchestratorInThread$0(OrchestratorTests.java:71)
	at java.base/java.lang.Thread.run(Thread.java:1583)
10:54:21.267 [Thread-2] ERROR Orchestrator.Orchestrator -- Event queue was interrupted
java.lang.InterruptedException: null
	at EventBus.EventQueue.take(EventQueue.java:58)
	at Orchestrator.Orchestrator.start(Orchestrator.java:78)
	at Orchestrator.OrchestratorTests.lambda$runOrchestratorInThread$0(OrchestratorTests.java:71)
	at java.base/java.lang.Thread.run(Thread.java:1583)
]]></system-out>
  </testcase>
</testsuite>